<?xml version="1.0" encoding="UTF-8"?>
<!-- Generated by org.testng.reporters.JUnitXMLReporter -->
<testsuite hostname="INBANGNBLENO10" name="Report Test" tests="21" failures="0" timestamp="31 Oct 2018 04:34:22 GMT" time="339.621" errors="0">
  <testcase name="Test01ReceiveUnTagItems" time="22.606" classname="com.chkpoint.TestLifecycleUnknownValid"/>
  <testcase name="Test02EncodeItems" time="13.55" classname="com.chkpoint.TestLifecycleUnknownValid"/>
  <testcase name="Test03ReceiveItems" time="8.724" classname="com.chkpoint.TestLifecycleUnknownValid"/>
  <testcase name="Test04PutawayItems" time="17.009" classname="com.chkpoint.TestLifecycleUnknownValid"/>
  <testcase name="Test05NormalCycleCountItems" time="17.293" classname="com.chkpoint.TestLifecycleUnknownValid"/>
  <testcase name="Test06RetireItems" time="10.922" classname="com.chkpoint.TestLifecycleUnknownValid"/>
  <testcase name="Test07ReturnItems" time="7.979" classname="com.chkpoint.TestLifecycleUnknownValid"/>
  <testcase name="Test01ReceiveUnTagItems" time="18.479" classname="com.chkpoint.TestLifecycleUnknownInvalid"/>
  <testcase name="Test02EncodeItems" time="13.765" classname="com.chkpoint.TestLifecycleUnknownInvalid"/>
  <testcase name="Test03ReceiveItems" time="7.728" classname="com.chkpoint.TestLifecycleUnknownInvalid"/>
  <testcase name="Test04PutawayItems" time="16.023" classname="com.chkpoint.TestLifecycleUnknownInvalid"/>
  <testcase name="Test05NormalCycleCountItems" time="17.591" classname="com.chkpoint.TestLifecycleUnknownInvalid"/>
  <testcase name="Test06RetireItems" time="10.902" classname="com.chkpoint.TestLifecycleUnknownInvalid"/>
  <testcase name="Test07ReturnItems" time="7.585" classname="com.chkpoint.TestLifecycleUnknownInvalid"/>
  <testcase name="Test01ReceiveUnTagItems" time="19.299" classname="com.chkpoint.TestLifeCycleKnownValid"/>
  <testcase name="Test02EncodeItems" time="21.08" classname="com.chkpoint.TestLifeCycleKnownValid"/>
  <testcase name="Test03ReceiveItems" time="8.611" classname="com.chkpoint.TestLifeCycleKnownValid"/>
  <testcase name="Test04PutawayItems" time="20.09" classname="com.chkpoint.TestLifeCycleKnownValid"/>
  <testcase name="Test05NormalCycleCountItems" time="19.746" classname="com.chkpoint.TestLifeCycleKnownValid"/>
  <testcase name="Test06RetireItems" time="14.149" classname="com.chkpoint.TestLifeCycleKnownValid"/>
  <testcase name="Test07ReturnItems" time="11.813" classname="com.chkpoint.TestLifeCycleKnownValid"/>
</testsuite> <!-- Report Test -->
