<?xml version="1.0" encoding="UTF-8"?>
<!-- Generated by org.testng.reporters.JUnitXMLReporter -->
<testsuite hostname="INBANGNBLENO10" name="Report Test" tests="12" failures="0" timestamp="24 Oct 2018 10:23:47 GMT" time="755.046" errors="0">
  <testcase name="Test01ReceiveRetireThenCycleCountAtSameLocation" time="52.219" classname="com.chkpoint.jaytest1.Inventory_Test"/>
  <testcase name="Test02ReceiveRetireThenPutawayAtSameLocation" time="48.664" classname="com.chkpoint.jaytest1.Inventory_Test"/>
  <testcase name="Test03ReceiveRetireThenReturnAtSameLocation" time="49.665" classname="com.chkpoint.jaytest1.Inventory_Test"/>
  <testcase name="Test04ReceiveRetireThenRetireAtSameLocation" time="44.761" classname="com.chkpoint.jaytest1.Inventory_Test"/>
  <testcase name="Test01ReceiveRetireThenCycleCountAtSameLocation" time="39.773" classname="com.chkpoint.jaytest1.Inventory_Test_UnknownValid"/>
  <testcase name="Test02ReceiveRetireThenPutawayAtSameLocation" time="45.61" classname="com.chkpoint.jaytest1.Inventory_Test_UnknownValid"/>
  <testcase name="Test03ReceiveRetireThenReturnAtSameLocation" time="53.31" classname="com.chkpoint.jaytest1.Inventory_Test_UnknownValid"/>
  <testcase name="Test04ReceiveRetireThenRetireAtSameLocation" time="53.972" classname="com.chkpoint.jaytest1.Inventory_Test_UnknownValid"/>
  <testcase name="Test01ReceiveRetireThenCycleCountAtSameLocation" time="43.608" classname="com.chkpoint.jaytest1.Inventory_Test_UnknownInvalid"/>
  <testcase name="Test02ReceiveRetireThenPutawayAtSameLocation" time="41.467" classname="com.chkpoint.jaytest1.Inventory_Test_UnknownInvalid"/>
  <testcase name="Test03ReceiveRetireThenReturnAtSameLocation" time="41.382" classname="com.chkpoint.jaytest1.Inventory_Test_UnknownInvalid"/>
  <testcase name="Test04ReceiveRetireThenRetireAtSameLocation" time="51.377" classname="com.chkpoint.jaytest1.Inventory_Test_UnknownInvalid"/>
</testsuite> <!-- Report Test -->
