<?xml version="1.0" encoding="UTF-8"?>
<testng-results skipped="0" failed="136" total="150" passed="14">
  <reporter-output>
  </reporter-output>
  <suite name="Report Suite" duration-ms="4355192" started-at="2018-10-31T04:57:45Z" finished-at="2018-10-31T06:10:20Z">
    <groups>
    </groups>
    <test name="Report Test" duration-ms="4355192" started-at="2018-10-31T04:57:45Z" finished-at="2018-10-31T06:10:20Z">
      <class name="com.chkpoint.jaytest1.FCCInventoryTest">
        <test-method status="PASS" signature="setupBeforeClass()[pri:0, instance:com.chkpoint.jaytest1.FCCInventoryTest@56a6d5a6]" name="setupBeforeClass" is-config="true" duration-ms="14848" started-at="2018-10-31T10:27:45Z" finished-at="2018-10-31T10:28:00Z">
          <reporter-output>
          </reporter-output>
        </test-method> <!-- setupBeforeClass -->
        <test-method status="PASS" signature="setupBefore()[pri:0, instance:com.chkpoint.jaytest1.FCCInventoryTest@56a6d5a6]" name="setupBefore" is-config="true" duration-ms="4" started-at="2018-10-31T10:28:00Z" finished-at="2018-10-31T10:28:00Z">
          <reporter-output>
          </reporter-output>
        </test-method> <!-- setupBefore -->
        <test-method status="FAIL" signature="Test0100FCC_Price()[pri:0, instance:com.chkpoint.jaytest1.FCCInventoryTest@56a6d5a6]" name="Test0100FCC_Price" duration-ms="13450" started-at="2018-10-31T10:28:00Z" finished-at="2018-10-31T10:28:13Z">
          <exception class="java.lang.AssertionError">
            <message>
              <![CDATA[Test FCC with ({Price} and {Size}) <[Expected {}]:[Actual {Sales Floor=1}]>]]>
            </message>
            <full-stacktrace>
              <![CDATA[java.lang.AssertionError: Test FCC with ({Price} and {Size}) <[Expected {}]:[Actual {Sales Floor=1}]>
	at org.testng.AssertJUnit.fail(AssertJUnit.java:59)
	at org.testng.AssertJUnit.assertTrue(AssertJUnit.java:24)
	at com.chkpoint.jaytest1.FCCInventoryTest.verifyResults(FCCInventoryTest.java:48)
	at com.chkpoint.jaytest1.FCCInventoryTest.Test0100FCC_Price(FCCInventoryTest.java:2345)
	at sun.reflect.NativeMethodAccessorImpl.invoke0(Native Method)
	at sun.reflect.NativeMethodAccessorImpl.invoke(Unknown Source)
	at sun.reflect.DelegatingMethodAccessorImpl.invoke(Unknown Source)
	at java.lang.reflect.Method.invoke(Unknown Source)
	at org.testng.internal.MethodInvocationHelper.invokeMethod(MethodInvocationHelper.java:85)
	at org.testng.internal.Invoker.invokeMethod(Invoker.java:639)
	at org.testng.internal.Invoker.invokeTestMethod(Invoker.java:821)
	at org.testng.internal.Invoker.invokeTestMethods(Invoker.java:1131)
	at org.testng.internal.TestMethodWorker.invokeTestMethods(TestMethodWorker.java:124)
	at org.testng.internal.TestMethodWorker.run(TestMethodWorker.java:108)
	at org.testng.TestRunner.privateRun(TestRunner.java:773)
	at org.testng.TestRunner.run(TestRunner.java:623)
	at org.testng.SuiteRunner.runTest(SuiteRunner.java:357)
	at org.testng.SuiteRunner.runSequentially(SuiteRunner.java:352)
	at org.testng.SuiteRunner.privateRun(SuiteRunner.java:310)
	at org.testng.SuiteRunner.run(SuiteRunner.java:259)
	at org.testng.SuiteRunnerWorker.runSuite(SuiteRunnerWorker.java:52)
	at org.testng.SuiteRunnerWorker.run(SuiteRunnerWorker.java:86)
	at org.testng.TestNG.runSuitesSequentially(TestNG.java:1185)
	at org.testng.TestNG.runSuitesLocally(TestNG.java:1110)
	at org.testng.TestNG.run(TestNG.java:1018)
	at org.testng.remote.AbstractRemoteTestNG.run(AbstractRemoteTestNG.java:114)
	at org.testng.remote.RemoteTestNG.initAndRun(RemoteTestNG.java:251)
	at org.testng.remote.RemoteTestNG.main(RemoteTestNG.java:77)
]]>
            </full-stacktrace>
          </exception> <!-- java.lang.AssertionError -->
          <reporter-output>
          </reporter-output>
        </test-method> <!-- Test0100FCC_Price -->
        <test-method status="PASS" signature="setupAfter()[pri:0, instance:com.chkpoint.jaytest1.FCCInventoryTest@56a6d5a6]" name="setupAfter" is-config="true" duration-ms="0" started-at="2018-10-31T10:28:30Z" finished-at="2018-10-31T10:28:30Z">
          <reporter-output>
          </reporter-output>
        </test-method> <!-- setupAfter -->
        <test-method status="PASS" signature="setupBefore()[pri:0, instance:com.chkpoint.jaytest1.FCCInventoryTest@56a6d5a6]" name="setupBefore" is-config="true" duration-ms="1" started-at="2018-10-31T10:28:30Z" finished-at="2018-10-31T10:28:30Z">
          <reporter-output>
          </reporter-output>
        </test-method> <!-- setupBefore -->
        <test-method status="FAIL" signature="Test0101FCC_SalesFloorTarget()[pri:0, instance:com.chkpoint.jaytest1.FCCInventoryTest@56a6d5a6]" name="Test0101FCC_SalesFloorTarget" duration-ms="9478" started-at="2018-10-31T10:28:30Z" finished-at="2018-10-31T10:28:39Z">
          <exception class="java.lang.AssertionError">
            <message>
              <![CDATA[Test FCC with ({SalesFloorTarget} ) <[Expected {}]:[Actual {Sales Floor=1}]>]]>
            </message>
            <full-stacktrace>
              <![CDATA[java.lang.AssertionError: Test FCC with ({SalesFloorTarget} ) <[Expected {}]:[Actual {Sales Floor=1}]>
	at org.testng.AssertJUnit.fail(AssertJUnit.java:59)
	at org.testng.AssertJUnit.assertTrue(AssertJUnit.java:24)
	at com.chkpoint.jaytest1.FCCInventoryTest.verifyResults(FCCInventoryTest.java:48)
	at com.chkpoint.jaytest1.FCCInventoryTest.Test0101FCC_SalesFloorTarget(FCCInventoryTest.java:2366)
	at sun.reflect.NativeMethodAccessorImpl.invoke0(Native Method)
	at sun.reflect.NativeMethodAccessorImpl.invoke(Unknown Source)
	at sun.reflect.DelegatingMethodAccessorImpl.invoke(Unknown Source)
	at java.lang.reflect.Method.invoke(Unknown Source)
	at org.testng.internal.MethodInvocationHelper.invokeMethod(MethodInvocationHelper.java:85)
	at org.testng.internal.Invoker.invokeMethod(Invoker.java:639)
	at org.testng.internal.Invoker.invokeTestMethod(Invoker.java:821)
	at org.testng.internal.Invoker.invokeTestMethods(Invoker.java:1131)
	at org.testng.internal.TestMethodWorker.invokeTestMethods(TestMethodWorker.java:124)
	at org.testng.internal.TestMethodWorker.run(TestMethodWorker.java:108)
	at org.testng.TestRunner.privateRun(TestRunner.java:773)
	at org.testng.TestRunner.run(TestRunner.java:623)
	at org.testng.SuiteRunner.runTest(SuiteRunner.java:357)
	at org.testng.SuiteRunner.runSequentially(SuiteRunner.java:352)
	at org.testng.SuiteRunner.privateRun(SuiteRunner.java:310)
	at org.testng.SuiteRunner.run(SuiteRunner.java:259)
	at org.testng.SuiteRunnerWorker.runSuite(SuiteRunnerWorker.java:52)
	at org.testng.SuiteRunnerWorker.run(SuiteRunnerWorker.java:86)
	at org.testng.TestNG.runSuitesSequentially(TestNG.java:1185)
	at org.testng.TestNG.runSuitesLocally(TestNG.java:1110)
	at org.testng.TestNG.run(TestNG.java:1018)
	at org.testng.remote.AbstractRemoteTestNG.run(AbstractRemoteTestNG.java:114)
	at org.testng.remote.RemoteTestNG.initAndRun(RemoteTestNG.java:251)
	at org.testng.remote.RemoteTestNG.main(RemoteTestNG.java:77)
]]>
            </full-stacktrace>
          </exception> <!-- java.lang.AssertionError -->
          <reporter-output>
          </reporter-output>
        </test-method> <!-- Test0101FCC_SalesFloorTarget -->
        <test-method status="PASS" signature="setupAfter()[pri:0, instance:com.chkpoint.jaytest1.FCCInventoryTest@56a6d5a6]" name="setupAfter" is-config="true" duration-ms="0" started-at="2018-10-31T10:28:55Z" finished-at="2018-10-31T10:28:55Z">
          <reporter-output>
          </reporter-output>
        </test-method> <!-- setupAfter -->
        <test-method status="FAIL" signature="Test0102FCC_SalesFloorTarget()[pri:0, instance:com.chkpoint.jaytest1.FCCInventoryTest@56a6d5a6]" name="Test0102FCC_SalesFloorTarget" duration-ms="9301" started-at="2018-10-31T10:28:55Z" finished-at="2018-10-31T10:29:05Z">
          <exception class="java.lang.AssertionError">
            <message>
              <![CDATA[Test FCC with ({SalesFloorTarget} ) <[Expected {}]:[Actual {Sales Floor=1}]>]]>
            </message>
            <full-stacktrace>
              <![CDATA[java.lang.AssertionError: Test FCC with ({SalesFloorTarget} ) <[Expected {}]:[Actual {Sales Floor=1}]>
	at org.testng.AssertJUnit.fail(AssertJUnit.java:59)
	at org.testng.AssertJUnit.assertTrue(AssertJUnit.java:24)
	at com.chkpoint.jaytest1.FCCInventoryTest.verifyResults(FCCInventoryTest.java:48)
	at com.chkpoint.jaytest1.FCCInventoryTest.Test0102FCC_SalesFloorTarget(FCCInventoryTest.java:2386)
	at sun.reflect.NativeMethodAccessorImpl.invoke0(Native Method)
	at sun.reflect.NativeMethodAccessorImpl.invoke(Unknown Source)
	at sun.reflect.DelegatingMethodAccessorImpl.invoke(Unknown Source)
	at java.lang.reflect.Method.invoke(Unknown Source)
	at org.testng.internal.MethodInvocationHelper.invokeMethod(MethodInvocationHelper.java:85)
	at org.testng.internal.Invoker.invokeMethod(Invoker.java:639)
	at org.testng.internal.Invoker.invokeTestMethod(Invoker.java:821)
	at org.testng.internal.Invoker.invokeTestMethods(Invoker.java:1131)
	at org.testng.internal.TestMethodWorker.invokeTestMethods(TestMethodWorker.java:124)
	at org.testng.internal.TestMethodWorker.run(TestMethodWorker.java:108)
	at org.testng.TestRunner.privateRun(TestRunner.java:773)
	at org.testng.TestRunner.run(TestRunner.java:623)
	at org.testng.SuiteRunner.runTest(SuiteRunner.java:357)
	at org.testng.SuiteRunner.runSequentially(SuiteRunner.java:352)
	at org.testng.SuiteRunner.privateRun(SuiteRunner.java:310)
	at org.testng.SuiteRunner.run(SuiteRunner.java:259)
	at org.testng.SuiteRunnerWorker.runSuite(SuiteRunnerWorker.java:52)
	at org.testng.SuiteRunnerWorker.run(SuiteRunnerWorker.java:86)
	at org.testng.TestNG.runSuitesSequentially(TestNG.java:1185)
	at org.testng.TestNG.runSuitesLocally(TestNG.java:1110)
	at org.testng.TestNG.run(TestNG.java:1018)
	at org.testng.remote.AbstractRemoteTestNG.run(AbstractRemoteTestNG.java:114)
	at org.testng.remote.RemoteTestNG.initAndRun(RemoteTestNG.java:251)
	at org.testng.remote.RemoteTestNG.main(RemoteTestNG.java:77)
]]>
            </full-stacktrace>
          </exception> <!-- java.lang.AssertionError -->
          <reporter-output>
          </reporter-output>
        </test-method> <!-- Test0102FCC_SalesFloorTarget -->
        <test-method status="PASS" signature="setupBefore()[pri:0, instance:com.chkpoint.jaytest1.FCCInventoryTest@56a6d5a6]" name="setupBefore" is-config="true" duration-ms="0" started-at="2018-10-31T10:28:55Z" finished-at="2018-10-31T10:28:55Z">
          <reporter-output>
          </reporter-output>
        </test-method> <!-- setupBefore -->
        <test-method status="PASS" signature="setupAfter()[pri:0, instance:com.chkpoint.jaytest1.FCCInventoryTest@56a6d5a6]" name="setupAfter" is-config="true" duration-ms="0" started-at="2018-10-31T10:29:21Z" finished-at="2018-10-31T10:29:21Z">
          <reporter-output>
          </reporter-output>
        </test-method> <!-- setupAfter -->
        <test-method status="PASS" signature="setupBefore()[pri:0, instance:com.chkpoint.jaytest1.FCCInventoryTest@56a6d5a6]" name="setupBefore" is-config="true" duration-ms="0" started-at="2018-10-31T10:29:21Z" finished-at="2018-10-31T10:29:21Z">
          <reporter-output>
          </reporter-output>
        </test-method> <!-- setupBefore -->
        <test-method status="FAIL" signature="Test0103FCC_SalesFloorTarget()[pri:0, instance:com.chkpoint.jaytest1.FCCInventoryTest@56a6d5a6]" name="Test0103FCC_SalesFloorTarget" duration-ms="9433" started-at="2018-10-31T10:29:21Z" finished-at="2018-10-31T10:29:30Z">
          <exception class="java.lang.AssertionError">
            <message>
              <![CDATA[Test FCC with SalesFloorTarget <[Expected {Sales Floor=5}]:[Actual {Sales Floor=4}]>]]>
            </message>
            <full-stacktrace>
              <![CDATA[java.lang.AssertionError: Test FCC with SalesFloorTarget <[Expected {Sales Floor=5}]:[Actual {Sales Floor=4}]>
	at org.testng.AssertJUnit.fail(AssertJUnit.java:59)
	at org.testng.AssertJUnit.assertTrue(AssertJUnit.java:24)
	at com.chkpoint.jaytest1.FCCInventoryTest.verifyResults(FCCInventoryTest.java:48)
	at com.chkpoint.jaytest1.FCCInventoryTest.Test0103FCC_SalesFloorTarget(FCCInventoryTest.java:2408)
	at sun.reflect.NativeMethodAccessorImpl.invoke0(Native Method)
	at sun.reflect.NativeMethodAccessorImpl.invoke(Unknown Source)
	at sun.reflect.DelegatingMethodAccessorImpl.invoke(Unknown Source)
	at java.lang.reflect.Method.invoke(Unknown Source)
	at org.testng.internal.MethodInvocationHelper.invokeMethod(MethodInvocationHelper.java:85)
	at org.testng.internal.Invoker.invokeMethod(Invoker.java:639)
	at org.testng.internal.Invoker.invokeTestMethod(Invoker.java:821)
	at org.testng.internal.Invoker.invokeTestMethods(Invoker.java:1131)
	at org.testng.internal.TestMethodWorker.invokeTestMethods(TestMethodWorker.java:124)
	at org.testng.internal.TestMethodWorker.run(TestMethodWorker.java:108)
	at org.testng.TestRunner.privateRun(TestRunner.java:773)
	at org.testng.TestRunner.run(TestRunner.java:623)
	at org.testng.SuiteRunner.runTest(SuiteRunner.java:357)
	at org.testng.SuiteRunner.runSequentially(SuiteRunner.java:352)
	at org.testng.SuiteRunner.privateRun(SuiteRunner.java:310)
	at org.testng.SuiteRunner.run(SuiteRunner.java:259)
	at org.testng.SuiteRunnerWorker.runSuite(SuiteRunnerWorker.java:52)
	at org.testng.SuiteRunnerWorker.run(SuiteRunnerWorker.java:86)
	at org.testng.TestNG.runSuitesSequentially(TestNG.java:1185)
	at org.testng.TestNG.runSuitesLocally(TestNG.java:1110)
	at org.testng.TestNG.run(TestNG.java:1018)
	at org.testng.remote.AbstractRemoteTestNG.run(AbstractRemoteTestNG.java:114)
	at org.testng.remote.RemoteTestNG.initAndRun(RemoteTestNG.java:251)
	at org.testng.remote.RemoteTestNG.main(RemoteTestNG.java:77)
]]>
            </full-stacktrace>
          </exception> <!-- java.lang.AssertionError -->
          <reporter-output>
          </reporter-output>
        </test-method> <!-- Test0103FCC_SalesFloorTarget -->
        <test-method status="PASS" signature="setupAfter()[pri:0, instance:com.chkpoint.jaytest1.FCCInventoryTest@56a6d5a6]" name="setupAfter" is-config="true" duration-ms="0" started-at="2018-10-31T10:29:47Z" finished-at="2018-10-31T10:29:47Z">
          <reporter-output>
          </reporter-output>
        </test-method> <!-- setupAfter -->
        <test-method status="PASS" signature="setupBefore()[pri:0, instance:com.chkpoint.jaytest1.FCCInventoryTest@56a6d5a6]" name="setupBefore" is-config="true" duration-ms="1" started-at="2018-10-31T10:29:47Z" finished-at="2018-10-31T10:29:47Z">
          <reporter-output>
          </reporter-output>
        </test-method> <!-- setupBefore -->
        <test-method status="FAIL" signature="Test0104FCC_SalesFloorTarget()[pri:0, instance:com.chkpoint.jaytest1.FCCInventoryTest@56a6d5a6]" name="Test0104FCC_SalesFloorTarget" duration-ms="10630" started-at="2018-10-31T10:29:47Z" finished-at="2018-10-31T10:29:57Z">
          <exception class="java.lang.AssertionError">
            <message>
              <![CDATA[Test FCC with SalesFloorTarget <[Expected {}]:[Actual {Sales Floor=4}]>]]>
            </message>
            <full-stacktrace>
              <![CDATA[java.lang.AssertionError: Test FCC with SalesFloorTarget <[Expected {}]:[Actual {Sales Floor=4}]>
	at org.testng.AssertJUnit.fail(AssertJUnit.java:59)
	at org.testng.AssertJUnit.assertTrue(AssertJUnit.java:24)
	at com.chkpoint.jaytest1.FCCInventoryTest.verifyResults(FCCInventoryTest.java:48)
	at com.chkpoint.jaytest1.FCCInventoryTest.Test0104FCC_SalesFloorTarget(FCCInventoryTest.java:2428)
	at sun.reflect.NativeMethodAccessorImpl.invoke0(Native Method)
	at sun.reflect.NativeMethodAccessorImpl.invoke(Unknown Source)
	at sun.reflect.DelegatingMethodAccessorImpl.invoke(Unknown Source)
	at java.lang.reflect.Method.invoke(Unknown Source)
	at org.testng.internal.MethodInvocationHelper.invokeMethod(MethodInvocationHelper.java:85)
	at org.testng.internal.Invoker.invokeMethod(Invoker.java:639)
	at org.testng.internal.Invoker.invokeTestMethod(Invoker.java:821)
	at org.testng.internal.Invoker.invokeTestMethods(Invoker.java:1131)
	at org.testng.internal.TestMethodWorker.invokeTestMethods(TestMethodWorker.java:124)
	at org.testng.internal.TestMethodWorker.run(TestMethodWorker.java:108)
	at org.testng.TestRunner.privateRun(TestRunner.java:773)
	at org.testng.TestRunner.run(TestRunner.java:623)
	at org.testng.SuiteRunner.runTest(SuiteRunner.java:357)
	at org.testng.SuiteRunner.runSequentially(SuiteRunner.java:352)
	at org.testng.SuiteRunner.privateRun(SuiteRunner.java:310)
	at org.testng.SuiteRunner.run(SuiteRunner.java:259)
	at org.testng.SuiteRunnerWorker.runSuite(SuiteRunnerWorker.java:52)
	at org.testng.SuiteRunnerWorker.run(SuiteRunnerWorker.java:86)
	at org.testng.TestNG.runSuitesSequentially(TestNG.java:1185)
	at org.testng.TestNG.runSuitesLocally(TestNG.java:1110)
	at org.testng.TestNG.run(TestNG.java:1018)
	at org.testng.remote.AbstractRemoteTestNG.run(AbstractRemoteTestNG.java:114)
	at org.testng.remote.RemoteTestNG.initAndRun(RemoteTestNG.java:251)
	at org.testng.remote.RemoteTestNG.main(RemoteTestNG.java:77)
]]>
            </full-stacktrace>
          </exception> <!-- java.lang.AssertionError -->
          <reporter-output>
          </reporter-output>
        </test-method> <!-- Test0104FCC_SalesFloorTarget -->
        <test-method status="PASS" signature="setupAfter()[pri:0, instance:com.chkpoint.jaytest1.FCCInventoryTest@56a6d5a6]" name="setupAfter" is-config="true" duration-ms="0" started-at="2018-10-31T10:30:14Z" finished-at="2018-10-31T10:30:14Z">
          <reporter-output>
          </reporter-output>
        </test-method> <!-- setupAfter -->
        <test-method status="PASS" signature="setupBefore()[pri:0, instance:com.chkpoint.jaytest1.FCCInventoryTest@56a6d5a6]" name="setupBefore" is-config="true" duration-ms="1" started-at="2018-10-31T10:30:14Z" finished-at="2018-10-31T10:30:14Z">
          <reporter-output>
          </reporter-output>
        </test-method> <!-- setupBefore -->
        <test-method status="PASS" signature="Test0105FCC_SalesFloorTarget()[pri:0, instance:com.chkpoint.jaytest1.FCCInventoryTest@56a6d5a6]" name="Test0105FCC_SalesFloorTarget" duration-ms="9686" started-at="2018-10-31T10:30:14Z" finished-at="2018-10-31T10:30:24Z">
          <reporter-output>
          </reporter-output>
        </test-method> <!-- Test0105FCC_SalesFloorTarget -->
        <test-method status="PASS" signature="setupAfter()[pri:0, instance:com.chkpoint.jaytest1.FCCInventoryTest@56a6d5a6]" name="setupAfter" is-config="true" duration-ms="2" started-at="2018-10-31T10:30:24Z" finished-at="2018-10-31T10:30:24Z">
          <reporter-output>
          </reporter-output>
        </test-method> <!-- setupAfter -->
        <test-method status="FAIL" signature="Test0106FCC_SalesFloorTarget()[pri:0, instance:com.chkpoint.jaytest1.FCCInventoryTest@56a6d5a6]" name="Test0106FCC_SalesFloorTarget" duration-ms="9359" started-at="2018-10-31T10:30:24Z" finished-at="2018-10-31T10:30:33Z">
          <exception class="java.lang.AssertionError">
            <message>
              <![CDATA[Test FCC with ({SalesFloorTarget} ) <[Expected {}]:[Actual {Sales Floor=15}]>]]>
            </message>
            <full-stacktrace>
              <![CDATA[java.lang.AssertionError: Test FCC with ({SalesFloorTarget} ) <[Expected {}]:[Actual {Sales Floor=15}]>
	at org.testng.AssertJUnit.fail(AssertJUnit.java:59)
	at org.testng.AssertJUnit.assertTrue(AssertJUnit.java:24)
	at com.chkpoint.jaytest1.FCCInventoryTest.verifyResults(FCCInventoryTest.java:48)
	at com.chkpoint.jaytest1.FCCInventoryTest.Test0106FCC_SalesFloorTarget(FCCInventoryTest.java:2470)
	at sun.reflect.NativeMethodAccessorImpl.invoke0(Native Method)
	at sun.reflect.NativeMethodAccessorImpl.invoke(Unknown Source)
	at sun.reflect.DelegatingMethodAccessorImpl.invoke(Unknown Source)
	at java.lang.reflect.Method.invoke(Unknown Source)
	at org.testng.internal.MethodInvocationHelper.invokeMethod(MethodInvocationHelper.java:85)
	at org.testng.internal.Invoker.invokeMethod(Invoker.java:639)
	at org.testng.internal.Invoker.invokeTestMethod(Invoker.java:821)
	at org.testng.internal.Invoker.invokeTestMethods(Invoker.java:1131)
	at org.testng.internal.TestMethodWorker.invokeTestMethods(TestMethodWorker.java:124)
	at org.testng.internal.TestMethodWorker.run(TestMethodWorker.java:108)
	at org.testng.TestRunner.privateRun(TestRunner.java:773)
	at org.testng.TestRunner.run(TestRunner.java:623)
	at org.testng.SuiteRunner.runTest(SuiteRunner.java:357)
	at org.testng.SuiteRunner.runSequentially(SuiteRunner.java:352)
	at org.testng.SuiteRunner.privateRun(SuiteRunner.java:310)
	at org.testng.SuiteRunner.run(SuiteRunner.java:259)
	at org.testng.SuiteRunnerWorker.runSuite(SuiteRunnerWorker.java:52)
	at org.testng.SuiteRunnerWorker.run(SuiteRunnerWorker.java:86)
	at org.testng.TestNG.runSuitesSequentially(TestNG.java:1185)
	at org.testng.TestNG.runSuitesLocally(TestNG.java:1110)
	at org.testng.TestNG.run(TestNG.java:1018)
	at org.testng.remote.AbstractRemoteTestNG.run(AbstractRemoteTestNG.java:114)
	at org.testng.remote.RemoteTestNG.initAndRun(RemoteTestNG.java:251)
	at org.testng.remote.RemoteTestNG.main(RemoteTestNG.java:77)
]]>
            </full-stacktrace>
          </exception> <!-- java.lang.AssertionError -->
          <reporter-output>
          </reporter-output>
        </test-method> <!-- Test0106FCC_SalesFloorTarget -->
        <test-method status="PASS" signature="setupBefore()[pri:0, instance:com.chkpoint.jaytest1.FCCInventoryTest@56a6d5a6]" name="setupBefore" is-config="true" duration-ms="0" started-at="2018-10-31T10:30:24Z" finished-at="2018-10-31T10:30:24Z">
          <reporter-output>
          </reporter-output>
        </test-method> <!-- setupBefore -->
        <test-method status="PASS" signature="setupAfter()[pri:0, instance:com.chkpoint.jaytest1.FCCInventoryTest@56a6d5a6]" name="setupAfter" is-config="true" duration-ms="0" started-at="2018-10-31T10:30:49Z" finished-at="2018-10-31T10:30:49Z">
          <reporter-output>
          </reporter-output>
        </test-method> <!-- setupAfter -->
        <test-method status="PASS" signature="setupBefore()[pri:0, instance:com.chkpoint.jaytest1.FCCInventoryTest@56a6d5a6]" name="setupBefore" is-config="true" duration-ms="0" started-at="2018-10-31T10:30:49Z" finished-at="2018-10-31T10:30:49Z">
          <reporter-output>
          </reporter-output>
        </test-method> <!-- setupBefore -->
        <test-method status="PASS" signature="Test0107FCC_SalesFloorTarget()[pri:0, instance:com.chkpoint.jaytest1.FCCInventoryTest@56a6d5a6]" name="Test0107FCC_SalesFloorTarget" duration-ms="9380" started-at="2018-10-31T10:30:49Z" finished-at="2018-10-31T10:30:59Z">
          <reporter-output>
          </reporter-output>
        </test-method> <!-- Test0107FCC_SalesFloorTarget -->
        <test-method status="PASS" signature="setupAfter()[pri:0, instance:com.chkpoint.jaytest1.FCCInventoryTest@56a6d5a6]" name="setupAfter" is-config="true" duration-ms="0" started-at="2018-10-31T10:30:59Z" finished-at="2018-10-31T10:30:59Z">
          <reporter-output>
          </reporter-output>
        </test-method> <!-- setupAfter -->
        <test-method status="PASS" signature="setupBefore()[pri:0, instance:com.chkpoint.jaytest1.FCCInventoryTest@56a6d5a6]" name="setupBefore" is-config="true" duration-ms="0" started-at="2018-10-31T10:30:59Z" finished-at="2018-10-31T10:30:59Z">
          <reporter-output>
          </reporter-output>
        </test-method> <!-- setupBefore -->
        <test-method status="FAIL" signature="Test0108FCC_SalesFloorTarget()[pri:0, instance:com.chkpoint.jaytest1.FCCInventoryTest@56a6d5a6]" name="Test0108FCC_SalesFloorTarget" duration-ms="9398" started-at="2018-10-31T10:30:59Z" finished-at="2018-10-31T10:31:08Z">
          <exception class="java.lang.AssertionError">
            <message>
              <![CDATA[Test FCC with SalesFloorTarget <[Expected {Sales Floor=5}]:[Actual {Sales Floor=15}]>]]>
            </message>
            <full-stacktrace>
              <![CDATA[java.lang.AssertionError: Test FCC with SalesFloorTarget <[Expected {Sales Floor=5}]:[Actual {Sales Floor=15}]>
	at org.testng.AssertJUnit.fail(AssertJUnit.java:59)
	at org.testng.AssertJUnit.assertTrue(AssertJUnit.java:24)
	at com.chkpoint.jaytest1.FCCInventoryTest.verifyResults(FCCInventoryTest.java:48)
	at com.chkpoint.jaytest1.FCCInventoryTest.Test0108FCC_SalesFloorTarget(FCCInventoryTest.java:2513)
	at sun.reflect.NativeMethodAccessorImpl.invoke0(Native Method)
	at sun.reflect.NativeMethodAccessorImpl.invoke(Unknown Source)
	at sun.reflect.DelegatingMethodAccessorImpl.invoke(Unknown Source)
	at java.lang.reflect.Method.invoke(Unknown Source)
	at org.testng.internal.MethodInvocationHelper.invokeMethod(MethodInvocationHelper.java:85)
	at org.testng.internal.Invoker.invokeMethod(Invoker.java:639)
	at org.testng.internal.Invoker.invokeTestMethod(Invoker.java:821)
	at org.testng.internal.Invoker.invokeTestMethods(Invoker.java:1131)
	at org.testng.internal.TestMethodWorker.invokeTestMethods(TestMethodWorker.java:124)
	at org.testng.internal.TestMethodWorker.run(TestMethodWorker.java:108)
	at org.testng.TestRunner.privateRun(TestRunner.java:773)
	at org.testng.TestRunner.run(TestRunner.java:623)
	at org.testng.SuiteRunner.runTest(SuiteRunner.java:357)
	at org.testng.SuiteRunner.runSequentially(SuiteRunner.java:352)
	at org.testng.SuiteRunner.privateRun(SuiteRunner.java:310)
	at org.testng.SuiteRunner.run(SuiteRunner.java:259)
	at org.testng.SuiteRunnerWorker.runSuite(SuiteRunnerWorker.java:52)
	at org.testng.SuiteRunnerWorker.run(SuiteRunnerWorker.java:86)
	at org.testng.TestNG.runSuitesSequentially(TestNG.java:1185)
	at org.testng.TestNG.runSuitesLocally(TestNG.java:1110)
	at org.testng.TestNG.run(TestNG.java:1018)
	at org.testng.remote.AbstractRemoteTestNG.run(AbstractRemoteTestNG.java:114)
	at org.testng.remote.RemoteTestNG.initAndRun(RemoteTestNG.java:251)
	at org.testng.remote.RemoteTestNG.main(RemoteTestNG.java:77)
]]>
            </full-stacktrace>
          </exception> <!-- java.lang.AssertionError -->
          <reporter-output>
          </reporter-output>
        </test-method> <!-- Test0108FCC_SalesFloorTarget -->
        <test-method status="PASS" signature="setupBefore()[pri:0, instance:com.chkpoint.jaytest1.FCCInventoryTest@56a6d5a6]" name="setupBefore" is-config="true" duration-ms="1" started-at="2018-10-31T10:31:25Z" finished-at="2018-10-31T10:31:25Z">
          <reporter-output>
          </reporter-output>
        </test-method> <!-- setupBefore -->
        <test-method status="PASS" signature="setupAfter()[pri:0, instance:com.chkpoint.jaytest1.FCCInventoryTest@56a6d5a6]" name="setupAfter" is-config="true" duration-ms="0" started-at="2018-10-31T10:31:25Z" finished-at="2018-10-31T10:31:25Z">
          <reporter-output>
          </reporter-output>
        </test-method> <!-- setupAfter -->
        <test-method status="FAIL" signature="Test0109FCC_SalesFloorTarget()[pri:0, instance:com.chkpoint.jaytest1.FCCInventoryTest@56a6d5a6]" name="Test0109FCC_SalesFloorTarget" duration-ms="9370" started-at="2018-10-31T10:31:25Z" finished-at="2018-10-31T10:31:34Z">
          <exception class="java.lang.AssertionError">
            <message>
              <![CDATA[Test FCC with SalesFloorTarget <[Expected {Sales Floor=10}]:[Actual {Sales Floor=15}]>]]>
            </message>
            <full-stacktrace>
              <![CDATA[java.lang.AssertionError: Test FCC with SalesFloorTarget <[Expected {Sales Floor=10}]:[Actual {Sales Floor=15}]>
	at org.testng.AssertJUnit.fail(AssertJUnit.java:59)
	at org.testng.AssertJUnit.assertTrue(AssertJUnit.java:24)
	at com.chkpoint.jaytest1.FCCInventoryTest.verifyResults(FCCInventoryTest.java:48)
	at com.chkpoint.jaytest1.FCCInventoryTest.Test0109FCC_SalesFloorTarget(FCCInventoryTest.java:2534)
	at sun.reflect.NativeMethodAccessorImpl.invoke0(Native Method)
	at sun.reflect.NativeMethodAccessorImpl.invoke(Unknown Source)
	at sun.reflect.DelegatingMethodAccessorImpl.invoke(Unknown Source)
	at java.lang.reflect.Method.invoke(Unknown Source)
	at org.testng.internal.MethodInvocationHelper.invokeMethod(MethodInvocationHelper.java:85)
	at org.testng.internal.Invoker.invokeMethod(Invoker.java:639)
	at org.testng.internal.Invoker.invokeTestMethod(Invoker.java:821)
	at org.testng.internal.Invoker.invokeTestMethods(Invoker.java:1131)
	at org.testng.internal.TestMethodWorker.invokeTestMethods(TestMethodWorker.java:124)
	at org.testng.internal.TestMethodWorker.run(TestMethodWorker.java:108)
	at org.testng.TestRunner.privateRun(TestRunner.java:773)
	at org.testng.TestRunner.run(TestRunner.java:623)
	at org.testng.SuiteRunner.runTest(SuiteRunner.java:357)
	at org.testng.SuiteRunner.runSequentially(SuiteRunner.java:352)
	at org.testng.SuiteRunner.privateRun(SuiteRunner.java:310)
	at org.testng.SuiteRunner.run(SuiteRunner.java:259)
	at org.testng.SuiteRunnerWorker.runSuite(SuiteRunnerWorker.java:52)
	at org.testng.SuiteRunnerWorker.run(SuiteRunnerWorker.java:86)
	at org.testng.TestNG.runSuitesSequentially(TestNG.java:1185)
	at org.testng.TestNG.runSuitesLocally(TestNG.java:1110)
	at org.testng.TestNG.run(TestNG.java:1018)
	at org.testng.remote.AbstractRemoteTestNG.run(AbstractRemoteTestNG.java:114)
	at org.testng.remote.RemoteTestNG.initAndRun(RemoteTestNG.java:251)
	at org.testng.remote.RemoteTestNG.main(RemoteTestNG.java:77)
]]>
            </full-stacktrace>
          </exception> <!-- java.lang.AssertionError -->
          <reporter-output>
          </reporter-output>
        </test-method> <!-- Test0109FCC_SalesFloorTarget -->
        <test-method status="PASS" signature="setupAfter()[pri:0, instance:com.chkpoint.jaytest1.FCCInventoryTest@56a6d5a6]" name="setupAfter" is-config="true" duration-ms="0" started-at="2018-10-31T10:31:51Z" finished-at="2018-10-31T10:31:51Z">
          <reporter-output>
          </reporter-output>
        </test-method> <!-- setupAfter -->
        <test-method status="PASS" signature="setupBefore()[pri:0, instance:com.chkpoint.jaytest1.FCCInventoryTest@56a6d5a6]" name="setupBefore" is-config="true" duration-ms="0" started-at="2018-10-31T10:31:51Z" finished-at="2018-10-31T10:31:51Z">
          <reporter-output>
          </reporter-output>
        </test-method> <!-- setupBefore -->
        <test-method status="FAIL" signature="Test010FCC_Department()[pri:0, instance:com.chkpoint.jaytest1.FCCInventoryTest@56a6d5a6]" name="Test010FCC_Department" duration-ms="9278" started-at="2018-10-31T10:31:51Z" finished-at="2018-10-31T10:32:00Z">
          <exception class="java.lang.AssertionError">
            <message>
              <![CDATA[Test FCC with Department <[Expected {}]:[Actual {Sales Floor=15}]>]]>
            </message>
            <full-stacktrace>
              <![CDATA[java.lang.AssertionError: Test FCC with Department <[Expected {}]:[Actual {Sales Floor=15}]>
	at org.testng.AssertJUnit.fail(AssertJUnit.java:59)
	at org.testng.AssertJUnit.assertTrue(AssertJUnit.java:24)
	at com.chkpoint.jaytest1.FCCInventoryTest.verifyResults(FCCInventoryTest.java:48)
	at com.chkpoint.jaytest1.FCCInventoryTest.Test010FCC_Department(FCCInventoryTest.java:309)
	at sun.reflect.NativeMethodAccessorImpl.invoke0(Native Method)
	at sun.reflect.NativeMethodAccessorImpl.invoke(Unknown Source)
	at sun.reflect.DelegatingMethodAccessorImpl.invoke(Unknown Source)
	at java.lang.reflect.Method.invoke(Unknown Source)
	at org.testng.internal.MethodInvocationHelper.invokeMethod(MethodInvocationHelper.java:85)
	at org.testng.internal.Invoker.invokeMethod(Invoker.java:639)
	at org.testng.internal.Invoker.invokeTestMethod(Invoker.java:821)
	at org.testng.internal.Invoker.invokeTestMethods(Invoker.java:1131)
	at org.testng.internal.TestMethodWorker.invokeTestMethods(TestMethodWorker.java:124)
	at org.testng.internal.TestMethodWorker.run(TestMethodWorker.java:108)
	at org.testng.TestRunner.privateRun(TestRunner.java:773)
	at org.testng.TestRunner.run(TestRunner.java:623)
	at org.testng.SuiteRunner.runTest(SuiteRunner.java:357)
	at org.testng.SuiteRunner.runSequentially(SuiteRunner.java:352)
	at org.testng.SuiteRunner.privateRun(SuiteRunner.java:310)
	at org.testng.SuiteRunner.run(SuiteRunner.java:259)
	at org.testng.SuiteRunnerWorker.runSuite(SuiteRunnerWorker.java:52)
	at org.testng.SuiteRunnerWorker.run(SuiteRunnerWorker.java:86)
	at org.testng.TestNG.runSuitesSequentially(TestNG.java:1185)
	at org.testng.TestNG.runSuitesLocally(TestNG.java:1110)
	at org.testng.TestNG.run(TestNG.java:1018)
	at org.testng.remote.AbstractRemoteTestNG.run(AbstractRemoteTestNG.java:114)
	at org.testng.remote.RemoteTestNG.initAndRun(RemoteTestNG.java:251)
	at org.testng.remote.RemoteTestNG.main(RemoteTestNG.java:77)
]]>
            </full-stacktrace>
          </exception> <!-- java.lang.AssertionError -->
          <reporter-output>
          </reporter-output>
        </test-method> <!-- Test010FCC_Department -->
        <test-method status="PASS" signature="setupAfter()[pri:0, instance:com.chkpoint.jaytest1.FCCInventoryTest@56a6d5a6]" name="setupAfter" is-config="true" duration-ms="0" started-at="2018-10-31T10:32:16Z" finished-at="2018-10-31T10:32:16Z">
          <reporter-output>
          </reporter-output>
        </test-method> <!-- setupAfter -->
        <test-method status="PASS" signature="setupBefore()[pri:0, instance:com.chkpoint.jaytest1.FCCInventoryTest@56a6d5a6]" name="setupBefore" is-config="true" duration-ms="1" started-at="2018-10-31T10:32:16Z" finished-at="2018-10-31T10:32:16Z">
          <reporter-output>
          </reporter-output>
        </test-method> <!-- setupBefore -->
        <test-method status="FAIL" signature="Test0110FCC_TradeItem()[pri:0, instance:com.chkpoint.jaytest1.FCCInventoryTest@56a6d5a6]" name="Test0110FCC_TradeItem" duration-ms="9263" started-at="2018-10-31T10:32:16Z" finished-at="2018-10-31T10:32:26Z">
          <exception class="java.lang.AssertionError">
            <message>
              <![CDATA[Test FCC with TradeItem <[Expected {}]:[Actual {Sales Floor=15}]>]]>
            </message>
            <full-stacktrace>
              <![CDATA[java.lang.AssertionError: Test FCC with TradeItem <[Expected {}]:[Actual {Sales Floor=15}]>
	at org.testng.AssertJUnit.fail(AssertJUnit.java:59)
	at org.testng.AssertJUnit.assertTrue(AssertJUnit.java:24)
	at com.chkpoint.jaytest1.FCCInventoryTest.verifyResults(FCCInventoryTest.java:48)
	at com.chkpoint.jaytest1.FCCInventoryTest.Test0110FCC_TradeItem(FCCInventoryTest.java:2555)
	at sun.reflect.NativeMethodAccessorImpl.invoke0(Native Method)
	at sun.reflect.NativeMethodAccessorImpl.invoke(Unknown Source)
	at sun.reflect.DelegatingMethodAccessorImpl.invoke(Unknown Source)
	at java.lang.reflect.Method.invoke(Unknown Source)
	at org.testng.internal.MethodInvocationHelper.invokeMethod(MethodInvocationHelper.java:85)
	at org.testng.internal.Invoker.invokeMethod(Invoker.java:639)
	at org.testng.internal.Invoker.invokeTestMethod(Invoker.java:821)
	at org.testng.internal.Invoker.invokeTestMethods(Invoker.java:1131)
	at org.testng.internal.TestMethodWorker.invokeTestMethods(TestMethodWorker.java:124)
	at org.testng.internal.TestMethodWorker.run(TestMethodWorker.java:108)
	at org.testng.TestRunner.privateRun(TestRunner.java:773)
	at org.testng.TestRunner.run(TestRunner.java:623)
	at org.testng.SuiteRunner.runTest(SuiteRunner.java:357)
	at org.testng.SuiteRunner.runSequentially(SuiteRunner.java:352)
	at org.testng.SuiteRunner.privateRun(SuiteRunner.java:310)
	at org.testng.SuiteRunner.run(SuiteRunner.java:259)
	at org.testng.SuiteRunnerWorker.runSuite(SuiteRunnerWorker.java:52)
	at org.testng.SuiteRunnerWorker.run(SuiteRunnerWorker.java:86)
	at org.testng.TestNG.runSuitesSequentially(TestNG.java:1185)
	at org.testng.TestNG.runSuitesLocally(TestNG.java:1110)
	at org.testng.TestNG.run(TestNG.java:1018)
	at org.testng.remote.AbstractRemoteTestNG.run(AbstractRemoteTestNG.java:114)
	at org.testng.remote.RemoteTestNG.initAndRun(RemoteTestNG.java:251)
	at org.testng.remote.RemoteTestNG.main(RemoteTestNG.java:77)
]]>
            </full-stacktrace>
          </exception> <!-- java.lang.AssertionError -->
          <reporter-output>
          </reporter-output>
        </test-method> <!-- Test0110FCC_TradeItem -->
        <test-method status="PASS" signature="setupAfter()[pri:0, instance:com.chkpoint.jaytest1.FCCInventoryTest@56a6d5a6]" name="setupAfter" is-config="true" duration-ms="0" started-at="2018-10-31T10:32:42Z" finished-at="2018-10-31T10:32:42Z">
          <reporter-output>
          </reporter-output>
        </test-method> <!-- setupAfter -->
        <test-method status="PASS" signature="setupBefore()[pri:0, instance:com.chkpoint.jaytest1.FCCInventoryTest@56a6d5a6]" name="setupBefore" is-config="true" duration-ms="1" started-at="2018-10-31T10:32:42Z" finished-at="2018-10-31T10:32:42Z">
          <reporter-output>
          </reporter-output>
        </test-method> <!-- setupBefore -->
        <test-method status="FAIL" signature="Test0111FCC_TradeItem()[pri:0, instance:com.chkpoint.jaytest1.FCCInventoryTest@56a6d5a6]" name="Test0111FCC_TradeItem" duration-ms="9325" started-at="2018-10-31T10:32:42Z" finished-at="2018-10-31T10:32:51Z">
          <exception class="java.lang.AssertionError">
            <message>
              <![CDATA[Test FCC with TradeItem <[Expected {}]:[Actual {Sales Floor=15}]>]]>
            </message>
            <full-stacktrace>
              <![CDATA[java.lang.AssertionError: Test FCC with TradeItem <[Expected {}]:[Actual {Sales Floor=15}]>
	at org.testng.AssertJUnit.fail(AssertJUnit.java:59)
	at org.testng.AssertJUnit.assertTrue(AssertJUnit.java:24)
	at com.chkpoint.jaytest1.FCCInventoryTest.verifyResults(FCCInventoryTest.java:48)
	at com.chkpoint.jaytest1.FCCInventoryTest.Test0111FCC_TradeItem(FCCInventoryTest.java:2576)
	at sun.reflect.NativeMethodAccessorImpl.invoke0(Native Method)
	at sun.reflect.NativeMethodAccessorImpl.invoke(Unknown Source)
	at sun.reflect.DelegatingMethodAccessorImpl.invoke(Unknown Source)
	at java.lang.reflect.Method.invoke(Unknown Source)
	at org.testng.internal.MethodInvocationHelper.invokeMethod(MethodInvocationHelper.java:85)
	at org.testng.internal.Invoker.invokeMethod(Invoker.java:639)
	at org.testng.internal.Invoker.invokeTestMethod(Invoker.java:821)
	at org.testng.internal.Invoker.invokeTestMethods(Invoker.java:1131)
	at org.testng.internal.TestMethodWorker.invokeTestMethods(TestMethodWorker.java:124)
	at org.testng.internal.TestMethodWorker.run(TestMethodWorker.java:108)
	at org.testng.TestRunner.privateRun(TestRunner.java:773)
	at org.testng.TestRunner.run(TestRunner.java:623)
	at org.testng.SuiteRunner.runTest(SuiteRunner.java:357)
	at org.testng.SuiteRunner.runSequentially(SuiteRunner.java:352)
	at org.testng.SuiteRunner.privateRun(SuiteRunner.java:310)
	at org.testng.SuiteRunner.run(SuiteRunner.java:259)
	at org.testng.SuiteRunnerWorker.runSuite(SuiteRunnerWorker.java:52)
	at org.testng.SuiteRunnerWorker.run(SuiteRunnerWorker.java:86)
	at org.testng.TestNG.runSuitesSequentially(TestNG.java:1185)
	at org.testng.TestNG.runSuitesLocally(TestNG.java:1110)
	at org.testng.TestNG.run(TestNG.java:1018)
	at org.testng.remote.AbstractRemoteTestNG.run(AbstractRemoteTestNG.java:114)
	at org.testng.remote.RemoteTestNG.initAndRun(RemoteTestNG.java:251)
	at org.testng.remote.RemoteTestNG.main(RemoteTestNG.java:77)
]]>
            </full-stacktrace>
          </exception> <!-- java.lang.AssertionError -->
          <reporter-output>
          </reporter-output>
        </test-method> <!-- Test0111FCC_TradeItem -->
        <test-method status="FAIL" signature="Test0112FCC_TradeItem()[pri:0, instance:com.chkpoint.jaytest1.FCCInventoryTest@56a6d5a6]" name="Test0112FCC_TradeItem" duration-ms="9116" started-at="2018-10-31T10:33:08Z" finished-at="2018-10-31T10:33:18Z">
          <exception class="java.lang.AssertionError">
            <message>
              <![CDATA[Test FCC with TradeItem <[Expected {}]:[Actual {Sales Floor=15}]>]]>
            </message>
            <full-stacktrace>
              <![CDATA[java.lang.AssertionError: Test FCC with TradeItem <[Expected {}]:[Actual {Sales Floor=15}]>
	at org.testng.AssertJUnit.fail(AssertJUnit.java:59)
	at org.testng.AssertJUnit.assertTrue(AssertJUnit.java:24)
	at com.chkpoint.jaytest1.FCCInventoryTest.verifyResults(FCCInventoryTest.java:48)
	at com.chkpoint.jaytest1.FCCInventoryTest.Test0112FCC_TradeItem(FCCInventoryTest.java:2597)
	at sun.reflect.NativeMethodAccessorImpl.invoke0(Native Method)
	at sun.reflect.NativeMethodAccessorImpl.invoke(Unknown Source)
	at sun.reflect.DelegatingMethodAccessorImpl.invoke(Unknown Source)
	at java.lang.reflect.Method.invoke(Unknown Source)
	at org.testng.internal.MethodInvocationHelper.invokeMethod(MethodInvocationHelper.java:85)
	at org.testng.internal.Invoker.invokeMethod(Invoker.java:639)
	at org.testng.internal.Invoker.invokeTestMethod(Invoker.java:821)
	at org.testng.internal.Invoker.invokeTestMethods(Invoker.java:1131)
	at org.testng.internal.TestMethodWorker.invokeTestMethods(TestMethodWorker.java:124)
	at org.testng.internal.TestMethodWorker.run(TestMethodWorker.java:108)
	at org.testng.TestRunner.privateRun(TestRunner.java:773)
	at org.testng.TestRunner.run(TestRunner.java:623)
	at org.testng.SuiteRunner.runTest(SuiteRunner.java:357)
	at org.testng.SuiteRunner.runSequentially(SuiteRunner.java:352)
	at org.testng.SuiteRunner.privateRun(SuiteRunner.java:310)
	at org.testng.SuiteRunner.run(SuiteRunner.java:259)
	at org.testng.SuiteRunnerWorker.runSuite(SuiteRunnerWorker.java:52)
	at org.testng.SuiteRunnerWorker.run(SuiteRunnerWorker.java:86)
	at org.testng.TestNG.runSuitesSequentially(TestNG.java:1185)
	at org.testng.TestNG.runSuitesLocally(TestNG.java:1110)
	at org.testng.TestNG.run(TestNG.java:1018)
	at org.testng.remote.AbstractRemoteTestNG.run(AbstractRemoteTestNG.java:114)
	at org.testng.remote.RemoteTestNG.initAndRun(RemoteTestNG.java:251)
	at org.testng.remote.RemoteTestNG.main(RemoteTestNG.java:77)
]]>
            </full-stacktrace>
          </exception> <!-- java.lang.AssertionError -->
          <reporter-output>
          </reporter-output>
        </test-method> <!-- Test0112FCC_TradeItem -->
        <test-method status="PASS" signature="setupAfter()[pri:0, instance:com.chkpoint.jaytest1.FCCInventoryTest@56a6d5a6]" name="setupAfter" is-config="true" duration-ms="0" started-at="2018-10-31T10:33:08Z" finished-at="2018-10-31T10:33:08Z">
          <reporter-output>
          </reporter-output>
        </test-method> <!-- setupAfter -->
        <test-method status="PASS" signature="setupBefore()[pri:0, instance:com.chkpoint.jaytest1.FCCInventoryTest@56a6d5a6]" name="setupBefore" is-config="true" duration-ms="0" started-at="2018-10-31T10:33:08Z" finished-at="2018-10-31T10:33:08Z">
          <reporter-output>
          </reporter-output>
        </test-method> <!-- setupBefore -->
        <test-method status="PASS" signature="setupBefore()[pri:0, instance:com.chkpoint.jaytest1.FCCInventoryTest@56a6d5a6]" name="setupBefore" is-config="true" duration-ms="0" started-at="2018-10-31T10:33:35Z" finished-at="2018-10-31T10:33:35Z">
          <reporter-output>
          </reporter-output>
        </test-method> <!-- setupBefore -->
        <test-method status="FAIL" signature="Test0113FCC_TradeItem()[pri:0, instance:com.chkpoint.jaytest1.FCCInventoryTest@56a6d5a6]" name="Test0113FCC_TradeItem" duration-ms="9406" started-at="2018-10-31T10:33:35Z" finished-at="2018-10-31T10:33:44Z">
          <exception class="java.lang.AssertionError">
            <message>
              <![CDATA[Test FCC with TradeItem <[Expected {}]:[Actual {Sales Floor=15}]>]]>
            </message>
            <full-stacktrace>
              <![CDATA[java.lang.AssertionError: Test FCC with TradeItem <[Expected {}]:[Actual {Sales Floor=15}]>
	at org.testng.AssertJUnit.fail(AssertJUnit.java:59)
	at org.testng.AssertJUnit.assertTrue(AssertJUnit.java:24)
	at com.chkpoint.jaytest1.FCCInventoryTest.verifyResults(FCCInventoryTest.java:48)
	at com.chkpoint.jaytest1.FCCInventoryTest.Test0113FCC_TradeItem(FCCInventoryTest.java:2618)
	at sun.reflect.NativeMethodAccessorImpl.invoke0(Native Method)
	at sun.reflect.NativeMethodAccessorImpl.invoke(Unknown Source)
	at sun.reflect.DelegatingMethodAccessorImpl.invoke(Unknown Source)
	at java.lang.reflect.Method.invoke(Unknown Source)
	at org.testng.internal.MethodInvocationHelper.invokeMethod(MethodInvocationHelper.java:85)
	at org.testng.internal.Invoker.invokeMethod(Invoker.java:639)
	at org.testng.internal.Invoker.invokeTestMethod(Invoker.java:821)
	at org.testng.internal.Invoker.invokeTestMethods(Invoker.java:1131)
	at org.testng.internal.TestMethodWorker.invokeTestMethods(TestMethodWorker.java:124)
	at org.testng.internal.TestMethodWorker.run(TestMethodWorker.java:108)
	at org.testng.TestRunner.privateRun(TestRunner.java:773)
	at org.testng.TestRunner.run(TestRunner.java:623)
	at org.testng.SuiteRunner.runTest(SuiteRunner.java:357)
	at org.testng.SuiteRunner.runSequentially(SuiteRunner.java:352)
	at org.testng.SuiteRunner.privateRun(SuiteRunner.java:310)
	at org.testng.SuiteRunner.run(SuiteRunner.java:259)
	at org.testng.SuiteRunnerWorker.runSuite(SuiteRunnerWorker.java:52)
	at org.testng.SuiteRunnerWorker.run(SuiteRunnerWorker.java:86)
	at org.testng.TestNG.runSuitesSequentially(TestNG.java:1185)
	at org.testng.TestNG.runSuitesLocally(TestNG.java:1110)
	at org.testng.TestNG.run(TestNG.java:1018)
	at org.testng.remote.AbstractRemoteTestNG.run(AbstractRemoteTestNG.java:114)
	at org.testng.remote.RemoteTestNG.initAndRun(RemoteTestNG.java:251)
	at org.testng.remote.RemoteTestNG.main(RemoteTestNG.java:77)
]]>
            </full-stacktrace>
          </exception> <!-- java.lang.AssertionError -->
          <reporter-output>
          </reporter-output>
        </test-method> <!-- Test0113FCC_TradeItem -->
        <test-method status="PASS" signature="setupAfter()[pri:0, instance:com.chkpoint.jaytest1.FCCInventoryTest@56a6d5a6]" name="setupAfter" is-config="true" duration-ms="0" started-at="2018-10-31T10:33:35Z" finished-at="2018-10-31T10:33:35Z">
          <reporter-output>
          </reporter-output>
        </test-method> <!-- setupAfter -->
        <test-method status="PASS" signature="setupAfter()[pri:0, instance:com.chkpoint.jaytest1.FCCInventoryTest@56a6d5a6]" name="setupAfter" is-config="true" duration-ms="0" started-at="2018-10-31T10:34:01Z" finished-at="2018-10-31T10:34:01Z">
          <reporter-output>
          </reporter-output>
        </test-method> <!-- setupAfter -->
        <test-method status="PASS" signature="setupBefore()[pri:0, instance:com.chkpoint.jaytest1.FCCInventoryTest@56a6d5a6]" name="setupBefore" is-config="true" duration-ms="1" started-at="2018-10-31T10:34:01Z" finished-at="2018-10-31T10:34:01Z">
          <reporter-output>
          </reporter-output>
        </test-method> <!-- setupBefore -->
        <test-method status="FAIL" signature="Test0114FCC_TradeItem()[pri:0, instance:com.chkpoint.jaytest1.FCCInventoryTest@56a6d5a6]" name="Test0114FCC_TradeItem" duration-ms="9384" started-at="2018-10-31T10:34:01Z" finished-at="2018-10-31T10:34:10Z">
          <exception class="java.lang.AssertionError">
            <message>
              <![CDATA[Test FCC with TradeItem <[Expected {}]:[Actual {Sales Floor=15}]>]]>
            </message>
            <full-stacktrace>
              <![CDATA[java.lang.AssertionError: Test FCC with TradeItem <[Expected {}]:[Actual {Sales Floor=15}]>
	at org.testng.AssertJUnit.fail(AssertJUnit.java:59)
	at org.testng.AssertJUnit.assertTrue(AssertJUnit.java:24)
	at com.chkpoint.jaytest1.FCCInventoryTest.verifyResults(FCCInventoryTest.java:48)
	at com.chkpoint.jaytest1.FCCInventoryTest.Test0114FCC_TradeItem(FCCInventoryTest.java:2639)
	at sun.reflect.NativeMethodAccessorImpl.invoke0(Native Method)
	at sun.reflect.NativeMethodAccessorImpl.invoke(Unknown Source)
	at sun.reflect.DelegatingMethodAccessorImpl.invoke(Unknown Source)
	at java.lang.reflect.Method.invoke(Unknown Source)
	at org.testng.internal.MethodInvocationHelper.invokeMethod(MethodInvocationHelper.java:85)
	at org.testng.internal.Invoker.invokeMethod(Invoker.java:639)
	at org.testng.internal.Invoker.invokeTestMethod(Invoker.java:821)
	at org.testng.internal.Invoker.invokeTestMethods(Invoker.java:1131)
	at org.testng.internal.TestMethodWorker.invokeTestMethods(TestMethodWorker.java:124)
	at org.testng.internal.TestMethodWorker.run(TestMethodWorker.java:108)
	at org.testng.TestRunner.privateRun(TestRunner.java:773)
	at org.testng.TestRunner.run(TestRunner.java:623)
	at org.testng.SuiteRunner.runTest(SuiteRunner.java:357)
	at org.testng.SuiteRunner.runSequentially(SuiteRunner.java:352)
	at org.testng.SuiteRunner.privateRun(SuiteRunner.java:310)
	at org.testng.SuiteRunner.run(SuiteRunner.java:259)
	at org.testng.SuiteRunnerWorker.runSuite(SuiteRunnerWorker.java:52)
	at org.testng.SuiteRunnerWorker.run(SuiteRunnerWorker.java:86)
	at org.testng.TestNG.runSuitesSequentially(TestNG.java:1185)
	at org.testng.TestNG.runSuitesLocally(TestNG.java:1110)
	at org.testng.TestNG.run(TestNG.java:1018)
	at org.testng.remote.AbstractRemoteTestNG.run(AbstractRemoteTestNG.java:114)
	at org.testng.remote.RemoteTestNG.initAndRun(RemoteTestNG.java:251)
	at org.testng.remote.RemoteTestNG.main(RemoteTestNG.java:77)
]]>
            </full-stacktrace>
          </exception> <!-- java.lang.AssertionError -->
          <reporter-output>
          </reporter-output>
        </test-method> <!-- Test0114FCC_TradeItem -->
        <test-method status="PASS" signature="setupAfter()[pri:0, instance:com.chkpoint.jaytest1.FCCInventoryTest@56a6d5a6]" name="setupAfter" is-config="true" duration-ms="1" started-at="2018-10-31T10:34:27Z" finished-at="2018-10-31T10:34:27Z">
          <reporter-output>
          </reporter-output>
        </test-method> <!-- setupAfter -->
        <test-method status="PASS" signature="setupBefore()[pri:0, instance:com.chkpoint.jaytest1.FCCInventoryTest@56a6d5a6]" name="setupBefore" is-config="true" duration-ms="0" started-at="2018-10-31T10:34:27Z" finished-at="2018-10-31T10:34:27Z">
          <reporter-output>
          </reporter-output>
        </test-method> <!-- setupBefore -->
        <test-method status="PASS" signature="Test0115FCC_deleted()[pri:0, instance:com.chkpoint.jaytest1.FCCInventoryTest@56a6d5a6]" name="Test0115FCC_deleted" duration-ms="9804" started-at="2018-10-31T10:34:27Z" finished-at="2018-10-31T10:34:37Z">
          <reporter-output>
          </reporter-output>
        </test-method> <!-- Test0115FCC_deleted -->
        <test-method status="PASS" signature="setupAfter()[pri:0, instance:com.chkpoint.jaytest1.FCCInventoryTest@56a6d5a6]" name="setupAfter" is-config="true" duration-ms="1" started-at="2018-10-31T10:34:37Z" finished-at="2018-10-31T10:34:37Z">
          <reporter-output>
          </reporter-output>
        </test-method> <!-- setupAfter -->
        <test-method status="FAIL" signature="Test0116FCC_deleted()[pri:0, instance:com.chkpoint.jaytest1.FCCInventoryTest@56a6d5a6]" name="Test0116FCC_deleted" duration-ms="9735" started-at="2018-10-31T10:34:37Z" finished-at="2018-10-31T10:34:47Z">
          <exception class="java.lang.AssertionError">
            <message>
              <![CDATA[Test FCC with deleted <[Expected {}]:[Actual {Sales Floor=16}]>]]>
            </message>
            <full-stacktrace>
              <![CDATA[java.lang.AssertionError: Test FCC with deleted <[Expected {}]:[Actual {Sales Floor=16}]>
	at org.testng.AssertJUnit.fail(AssertJUnit.java:59)
	at org.testng.AssertJUnit.assertTrue(AssertJUnit.java:24)
	at com.chkpoint.jaytest1.FCCInventoryTest.verifyResults(FCCInventoryTest.java:48)
	at com.chkpoint.jaytest1.FCCInventoryTest.Test0116FCC_deleted(FCCInventoryTest.java:2681)
	at sun.reflect.NativeMethodAccessorImpl.invoke0(Native Method)
	at sun.reflect.NativeMethodAccessorImpl.invoke(Unknown Source)
	at sun.reflect.DelegatingMethodAccessorImpl.invoke(Unknown Source)
	at java.lang.reflect.Method.invoke(Unknown Source)
	at org.testng.internal.MethodInvocationHelper.invokeMethod(MethodInvocationHelper.java:85)
	at org.testng.internal.Invoker.invokeMethod(Invoker.java:639)
	at org.testng.internal.Invoker.invokeTestMethod(Invoker.java:821)
	at org.testng.internal.Invoker.invokeTestMethods(Invoker.java:1131)
	at org.testng.internal.TestMethodWorker.invokeTestMethods(TestMethodWorker.java:124)
	at org.testng.internal.TestMethodWorker.run(TestMethodWorker.java:108)
	at org.testng.TestRunner.privateRun(TestRunner.java:773)
	at org.testng.TestRunner.run(TestRunner.java:623)
	at org.testng.SuiteRunner.runTest(SuiteRunner.java:357)
	at org.testng.SuiteRunner.runSequentially(SuiteRunner.java:352)
	at org.testng.SuiteRunner.privateRun(SuiteRunner.java:310)
	at org.testng.SuiteRunner.run(SuiteRunner.java:259)
	at org.testng.SuiteRunnerWorker.runSuite(SuiteRunnerWorker.java:52)
	at org.testng.SuiteRunnerWorker.run(SuiteRunnerWorker.java:86)
	at org.testng.TestNG.runSuitesSequentially(TestNG.java:1185)
	at org.testng.TestNG.runSuitesLocally(TestNG.java:1110)
	at org.testng.TestNG.run(TestNG.java:1018)
	at org.testng.remote.AbstractRemoteTestNG.run(AbstractRemoteTestNG.java:114)
	at org.testng.remote.RemoteTestNG.initAndRun(RemoteTestNG.java:251)
	at org.testng.remote.RemoteTestNG.main(RemoteTestNG.java:77)
]]>
            </full-stacktrace>
          </exception> <!-- java.lang.AssertionError -->
          <reporter-output>
          </reporter-output>
        </test-method> <!-- Test0116FCC_deleted -->
        <test-method status="PASS" signature="setupBefore()[pri:0, instance:com.chkpoint.jaytest1.FCCInventoryTest@56a6d5a6]" name="setupBefore" is-config="true" duration-ms="0" started-at="2018-10-31T10:34:37Z" finished-at="2018-10-31T10:34:37Z">
          <reporter-output>
          </reporter-output>
        </test-method> <!-- setupBefore -->
        <test-method status="PASS" signature="setupAfter()[pri:0, instance:com.chkpoint.jaytest1.FCCInventoryTest@56a6d5a6]" name="setupAfter" is-config="true" duration-ms="1" started-at="2018-10-31T10:35:04Z" finished-at="2018-10-31T10:35:04Z">
          <reporter-output>
          </reporter-output>
        </test-method> <!-- setupAfter -->
        <test-method status="PASS" signature="setupBefore()[pri:0, instance:com.chkpoint.jaytest1.FCCInventoryTest@56a6d5a6]" name="setupBefore" is-config="true" duration-ms="0" started-at="2018-10-31T10:35:04Z" finished-at="2018-10-31T10:35:04Z">
          <reporter-output>
          </reporter-output>
        </test-method> <!-- setupBefore -->
        <test-method status="FAIL" signature="Test0117FCC_deleted()[pri:0, instance:com.chkpoint.jaytest1.FCCInventoryTest@56a6d5a6]" name="Test0117FCC_deleted" duration-ms="9350" started-at="2018-10-31T10:35:04Z" finished-at="2018-10-31T10:35:13Z">
          <exception class="java.lang.AssertionError">
            <message>
              <![CDATA[Test FCC with deleted <[Expected {}]:[Actual {Sales Floor=16}]>]]>
            </message>
            <full-stacktrace>
              <![CDATA[java.lang.AssertionError: Test FCC with deleted <[Expected {}]:[Actual {Sales Floor=16}]>
	at org.testng.AssertJUnit.fail(AssertJUnit.java:59)
	at org.testng.AssertJUnit.assertTrue(AssertJUnit.java:24)
	at com.chkpoint.jaytest1.FCCInventoryTest.verifyResults(FCCInventoryTest.java:48)
	at com.chkpoint.jaytest1.FCCInventoryTest.Test0117FCC_deleted(FCCInventoryTest.java:2702)
	at sun.reflect.NativeMethodAccessorImpl.invoke0(Native Method)
	at sun.reflect.NativeMethodAccessorImpl.invoke(Unknown Source)
	at sun.reflect.DelegatingMethodAccessorImpl.invoke(Unknown Source)
	at java.lang.reflect.Method.invoke(Unknown Source)
	at org.testng.internal.MethodInvocationHelper.invokeMethod(MethodInvocationHelper.java:85)
	at org.testng.internal.Invoker.invokeMethod(Invoker.java:639)
	at org.testng.internal.Invoker.invokeTestMethod(Invoker.java:821)
	at org.testng.internal.Invoker.invokeTestMethods(Invoker.java:1131)
	at org.testng.internal.TestMethodWorker.invokeTestMethods(TestMethodWorker.java:124)
	at org.testng.internal.TestMethodWorker.run(TestMethodWorker.java:108)
	at org.testng.TestRunner.privateRun(TestRunner.java:773)
	at org.testng.TestRunner.run(TestRunner.java:623)
	at org.testng.SuiteRunner.runTest(SuiteRunner.java:357)
	at org.testng.SuiteRunner.runSequentially(SuiteRunner.java:352)
	at org.testng.SuiteRunner.privateRun(SuiteRunner.java:310)
	at org.testng.SuiteRunner.run(SuiteRunner.java:259)
	at org.testng.SuiteRunnerWorker.runSuite(SuiteRunnerWorker.java:52)
	at org.testng.SuiteRunnerWorker.run(SuiteRunnerWorker.java:86)
	at org.testng.TestNG.runSuitesSequentially(TestNG.java:1185)
	at org.testng.TestNG.runSuitesLocally(TestNG.java:1110)
	at org.testng.TestNG.run(TestNG.java:1018)
	at org.testng.remote.AbstractRemoteTestNG.run(AbstractRemoteTestNG.java:114)
	at org.testng.remote.RemoteTestNG.initAndRun(RemoteTestNG.java:251)
	at org.testng.remote.RemoteTestNG.main(RemoteTestNG.java:77)
]]>
            </full-stacktrace>
          </exception> <!-- java.lang.AssertionError -->
          <reporter-output>
          </reporter-output>
        </test-method> <!-- Test0117FCC_deleted -->
        <test-method status="PASS" signature="setupAfter()[pri:0, instance:com.chkpoint.jaytest1.FCCInventoryTest@56a6d5a6]" name="setupAfter" is-config="true" duration-ms="1" started-at="2018-10-31T10:35:30Z" finished-at="2018-10-31T10:35:30Z">
          <reporter-output>
          </reporter-output>
        </test-method> <!-- setupAfter -->
        <test-method status="PASS" signature="Test0118FCC_deleted()[pri:0, instance:com.chkpoint.jaytest1.FCCInventoryTest@56a6d5a6]" name="Test0118FCC_deleted" duration-ms="9959" started-at="2018-10-31T10:35:30Z" finished-at="2018-10-31T10:35:40Z">
          <reporter-output>
          </reporter-output>
        </test-method> <!-- Test0118FCC_deleted -->
        <test-method status="PASS" signature="setupBefore()[pri:0, instance:com.chkpoint.jaytest1.FCCInventoryTest@56a6d5a6]" name="setupBefore" is-config="true" duration-ms="0" started-at="2018-10-31T10:35:30Z" finished-at="2018-10-31T10:35:30Z">
          <reporter-output>
          </reporter-output>
        </test-method> <!-- setupBefore -->
        <test-method status="PASS" signature="setupBefore()[pri:0, instance:com.chkpoint.jaytest1.FCCInventoryTest@56a6d5a6]" name="setupBefore" is-config="true" duration-ms="0" started-at="2018-10-31T10:35:40Z" finished-at="2018-10-31T10:35:40Z">
          <reporter-output>
          </reporter-output>
        </test-method> <!-- setupBefore -->
        <test-method status="PASS" signature="setupAfter()[pri:0, instance:com.chkpoint.jaytest1.FCCInventoryTest@56a6d5a6]" name="setupAfter" is-config="true" duration-ms="0" started-at="2018-10-31T10:35:40Z" finished-at="2018-10-31T10:35:40Z">
          <reporter-output>
          </reporter-output>
        </test-method> <!-- setupAfter -->
        <test-method status="PASS" signature="Test0119FCC_deleted()[pri:0, instance:com.chkpoint.jaytest1.FCCInventoryTest@56a6d5a6]" name="Test0119FCC_deleted" duration-ms="9755" started-at="2018-10-31T10:35:40Z" finished-at="2018-10-31T10:35:50Z">
          <reporter-output>
          </reporter-output>
        </test-method> <!-- Test0119FCC_deleted -->
        <test-method status="PASS" signature="setupAfter()[pri:0, instance:com.chkpoint.jaytest1.FCCInventoryTest@56a6d5a6]" name="setupAfter" is-config="true" duration-ms="1" started-at="2018-10-31T10:35:50Z" finished-at="2018-10-31T10:35:50Z">
          <reporter-output>
          </reporter-output>
        </test-method> <!-- setupAfter -->
        <test-method status="PASS" signature="setupBefore()[pri:0, instance:com.chkpoint.jaytest1.FCCInventoryTest@56a6d5a6]" name="setupBefore" is-config="true" duration-ms="0" started-at="2018-10-31T10:35:50Z" finished-at="2018-10-31T10:35:50Z">
          <reporter-output>
          </reporter-output>
        </test-method> <!-- setupBefore -->
        <test-method status="FAIL" signature="Test011FCC_Department()[pri:0, instance:com.chkpoint.jaytest1.FCCInventoryTest@56a6d5a6]" name="Test011FCC_Department" duration-ms="8994" started-at="2018-10-31T10:35:50Z" finished-at="2018-10-31T10:35:59Z">
          <exception class="java.lang.AssertionError">
            <message>
              <![CDATA[Test FCC with Department <[Expected {}]:[Actual {Sales Floor=16}]>]]>
            </message>
            <full-stacktrace>
              <![CDATA[java.lang.AssertionError: Test FCC with Department <[Expected {}]:[Actual {Sales Floor=16}]>
	at org.testng.AssertJUnit.fail(AssertJUnit.java:59)
	at org.testng.AssertJUnit.assertTrue(AssertJUnit.java:24)
	at com.chkpoint.jaytest1.FCCInventoryTest.verifyResults(FCCInventoryTest.java:48)
	at com.chkpoint.jaytest1.FCCInventoryTest.Test011FCC_Department(FCCInventoryTest.java:332)
	at sun.reflect.NativeMethodAccessorImpl.invoke0(Native Method)
	at sun.reflect.NativeMethodAccessorImpl.invoke(Unknown Source)
	at sun.reflect.DelegatingMethodAccessorImpl.invoke(Unknown Source)
	at java.lang.reflect.Method.invoke(Unknown Source)
	at org.testng.internal.MethodInvocationHelper.invokeMethod(MethodInvocationHelper.java:85)
	at org.testng.internal.Invoker.invokeMethod(Invoker.java:639)
	at org.testng.internal.Invoker.invokeTestMethod(Invoker.java:821)
	at org.testng.internal.Invoker.invokeTestMethods(Invoker.java:1131)
	at org.testng.internal.TestMethodWorker.invokeTestMethods(TestMethodWorker.java:124)
	at org.testng.internal.TestMethodWorker.run(TestMethodWorker.java:108)
	at org.testng.TestRunner.privateRun(TestRunner.java:773)
	at org.testng.TestRunner.run(TestRunner.java:623)
	at org.testng.SuiteRunner.runTest(SuiteRunner.java:357)
	at org.testng.SuiteRunner.runSequentially(SuiteRunner.java:352)
	at org.testng.SuiteRunner.privateRun(SuiteRunner.java:310)
	at org.testng.SuiteRunner.run(SuiteRunner.java:259)
	at org.testng.SuiteRunnerWorker.runSuite(SuiteRunnerWorker.java:52)
	at org.testng.SuiteRunnerWorker.run(SuiteRunnerWorker.java:86)
	at org.testng.TestNG.runSuitesSequentially(TestNG.java:1185)
	at org.testng.TestNG.runSuitesLocally(TestNG.java:1110)
	at org.testng.TestNG.run(TestNG.java:1018)
	at org.testng.remote.AbstractRemoteTestNG.run(AbstractRemoteTestNG.java:114)
	at org.testng.remote.RemoteTestNG.initAndRun(RemoteTestNG.java:251)
	at org.testng.remote.RemoteTestNG.main(RemoteTestNG.java:77)
]]>
            </full-stacktrace>
          </exception> <!-- java.lang.AssertionError -->
          <reporter-output>
          </reporter-output>
        </test-method> <!-- Test011FCC_Department -->
        <test-method status="PASS" signature="setupBefore()[pri:0, instance:com.chkpoint.jaytest1.FCCInventoryTest@56a6d5a6]" name="setupBefore" is-config="true" duration-ms="1" started-at="2018-10-31T10:36:17Z" finished-at="2018-10-31T10:36:17Z">
          <reporter-output>
          </reporter-output>
        </test-method> <!-- setupBefore -->
        <test-method status="PASS" signature="setupAfter()[pri:0, instance:com.chkpoint.jaytest1.FCCInventoryTest@56a6d5a6]" name="setupAfter" is-config="true" duration-ms="0" started-at="2018-10-31T10:36:17Z" finished-at="2018-10-31T10:36:17Z">
          <reporter-output>
          </reporter-output>
        </test-method> <!-- setupAfter -->
        <test-method status="FAIL" signature="Test0120FCC_DeptName()[pri:0, instance:com.chkpoint.jaytest1.FCCInventoryTest@56a6d5a6]" name="Test0120FCC_DeptName" duration-ms="11893" started-at="2018-10-31T10:36:17Z" finished-at="2018-10-31T10:36:29Z">
          <exception class="java.lang.AssertionError">
            <message>
              <![CDATA[Test FCC with DeptName <[Expected {}]:[Actual {Sales Floor=16}]>]]>
            </message>
            <full-stacktrace>
              <![CDATA[java.lang.AssertionError: Test FCC with DeptName <[Expected {}]:[Actual {Sales Floor=16}]>
	at org.testng.AssertJUnit.fail(AssertJUnit.java:59)
	at org.testng.AssertJUnit.assertTrue(AssertJUnit.java:24)
	at com.chkpoint.jaytest1.FCCInventoryTest.verifyResults(FCCInventoryTest.java:48)
	at com.chkpoint.jaytest1.FCCInventoryTest.Test0120FCC_DeptName(FCCInventoryTest.java:2766)
	at sun.reflect.NativeMethodAccessorImpl.invoke0(Native Method)
	at sun.reflect.NativeMethodAccessorImpl.invoke(Unknown Source)
	at sun.reflect.DelegatingMethodAccessorImpl.invoke(Unknown Source)
	at java.lang.reflect.Method.invoke(Unknown Source)
	at org.testng.internal.MethodInvocationHelper.invokeMethod(MethodInvocationHelper.java:85)
	at org.testng.internal.Invoker.invokeMethod(Invoker.java:639)
	at org.testng.internal.Invoker.invokeTestMethod(Invoker.java:821)
	at org.testng.internal.Invoker.invokeTestMethods(Invoker.java:1131)
	at org.testng.internal.TestMethodWorker.invokeTestMethods(TestMethodWorker.java:124)
	at org.testng.internal.TestMethodWorker.run(TestMethodWorker.java:108)
	at org.testng.TestRunner.privateRun(TestRunner.java:773)
	at org.testng.TestRunner.run(TestRunner.java:623)
	at org.testng.SuiteRunner.runTest(SuiteRunner.java:357)
	at org.testng.SuiteRunner.runSequentially(SuiteRunner.java:352)
	at org.testng.SuiteRunner.privateRun(SuiteRunner.java:310)
	at org.testng.SuiteRunner.run(SuiteRunner.java:259)
	at org.testng.SuiteRunnerWorker.runSuite(SuiteRunnerWorker.java:52)
	at org.testng.SuiteRunnerWorker.run(SuiteRunnerWorker.java:86)
	at org.testng.TestNG.runSuitesSequentially(TestNG.java:1185)
	at org.testng.TestNG.runSuitesLocally(TestNG.java:1110)
	at org.testng.TestNG.run(TestNG.java:1018)
	at org.testng.remote.AbstractRemoteTestNG.run(AbstractRemoteTestNG.java:114)
	at org.testng.remote.RemoteTestNG.initAndRun(RemoteTestNG.java:251)
	at org.testng.remote.RemoteTestNG.main(RemoteTestNG.java:77)
]]>
            </full-stacktrace>
          </exception> <!-- java.lang.AssertionError -->
          <reporter-output>
          </reporter-output>
        </test-method> <!-- Test0120FCC_DeptName -->
        <test-method status="PASS" signature="setupBefore()[pri:0, instance:com.chkpoint.jaytest1.FCCInventoryTest@56a6d5a6]" name="setupBefore" is-config="true" duration-ms="0" started-at="2018-10-31T10:36:46Z" finished-at="2018-10-31T10:36:46Z">
          <reporter-output>
          </reporter-output>
        </test-method> <!-- setupBefore -->
        <test-method status="FAIL" signature="Test0121FCC_DeptName()[pri:0, instance:com.chkpoint.jaytest1.FCCInventoryTest@56a6d5a6]" name="Test0121FCC_DeptName" duration-ms="9464" started-at="2018-10-31T10:36:46Z" finished-at="2018-10-31T10:36:56Z">
          <exception class="java.lang.AssertionError">
            <message>
              <![CDATA[Test FCC with DeptName <[Expected {Sales Floor=2}]:[Actual {Sales Floor=16}]>]]>
            </message>
            <full-stacktrace>
              <![CDATA[java.lang.AssertionError: Test FCC with DeptName <[Expected {Sales Floor=2}]:[Actual {Sales Floor=16}]>
	at org.testng.AssertJUnit.fail(AssertJUnit.java:59)
	at org.testng.AssertJUnit.assertTrue(AssertJUnit.java:24)
	at com.chkpoint.jaytest1.FCCInventoryTest.verifyResults(FCCInventoryTest.java:48)
	at com.chkpoint.jaytest1.FCCInventoryTest.Test0121FCC_DeptName(FCCInventoryTest.java:2787)
	at sun.reflect.NativeMethodAccessorImpl.invoke0(Native Method)
	at sun.reflect.NativeMethodAccessorImpl.invoke(Unknown Source)
	at sun.reflect.DelegatingMethodAccessorImpl.invoke(Unknown Source)
	at java.lang.reflect.Method.invoke(Unknown Source)
	at org.testng.internal.MethodInvocationHelper.invokeMethod(MethodInvocationHelper.java:85)
	at org.testng.internal.Invoker.invokeMethod(Invoker.java:639)
	at org.testng.internal.Invoker.invokeTestMethod(Invoker.java:821)
	at org.testng.internal.Invoker.invokeTestMethods(Invoker.java:1131)
	at org.testng.internal.TestMethodWorker.invokeTestMethods(TestMethodWorker.java:124)
	at org.testng.internal.TestMethodWorker.run(TestMethodWorker.java:108)
	at org.testng.TestRunner.privateRun(TestRunner.java:773)
	at org.testng.TestRunner.run(TestRunner.java:623)
	at org.testng.SuiteRunner.runTest(SuiteRunner.java:357)
	at org.testng.SuiteRunner.runSequentially(SuiteRunner.java:352)
	at org.testng.SuiteRunner.privateRun(SuiteRunner.java:310)
	at org.testng.SuiteRunner.run(SuiteRunner.java:259)
	at org.testng.SuiteRunnerWorker.runSuite(SuiteRunnerWorker.java:52)
	at org.testng.SuiteRunnerWorker.run(SuiteRunnerWorker.java:86)
	at org.testng.TestNG.runSuitesSequentially(TestNG.java:1185)
	at org.testng.TestNG.runSuitesLocally(TestNG.java:1110)
	at org.testng.TestNG.run(TestNG.java:1018)
	at org.testng.remote.AbstractRemoteTestNG.run(AbstractRemoteTestNG.java:114)
	at org.testng.remote.RemoteTestNG.initAndRun(RemoteTestNG.java:251)
	at org.testng.remote.RemoteTestNG.main(RemoteTestNG.java:77)
]]>
            </full-stacktrace>
          </exception> <!-- java.lang.AssertionError -->
          <reporter-output>
          </reporter-output>
        </test-method> <!-- Test0121FCC_DeptName -->
        <test-method status="PASS" signature="setupAfter()[pri:0, instance:com.chkpoint.jaytest1.FCCInventoryTest@56a6d5a6]" name="setupAfter" is-config="true" duration-ms="0" started-at="2018-10-31T10:36:46Z" finished-at="2018-10-31T10:36:46Z">
          <reporter-output>
          </reporter-output>
        </test-method> <!-- setupAfter -->
        <test-method status="PASS" signature="setupAfter()[pri:0, instance:com.chkpoint.jaytest1.FCCInventoryTest@56a6d5a6]" name="setupAfter" is-config="true" duration-ms="1" started-at="2018-10-31T10:37:13Z" finished-at="2018-10-31T10:37:13Z">
          <reporter-output>
          </reporter-output>
        </test-method> <!-- setupAfter -->
        <test-method status="PASS" signature="setupBefore()[pri:0, instance:com.chkpoint.jaytest1.FCCInventoryTest@56a6d5a6]" name="setupBefore" is-config="true" duration-ms="0" started-at="2018-10-31T10:37:13Z" finished-at="2018-10-31T10:37:13Z">
          <reporter-output>
          </reporter-output>
        </test-method> <!-- setupBefore -->
        <test-method status="FAIL" signature="Test0122FCC_DeptName()[pri:0, instance:com.chkpoint.jaytest1.FCCInventoryTest@56a6d5a6]" name="Test0122FCC_DeptName" duration-ms="9337" started-at="2018-10-31T10:37:13Z" finished-at="2018-10-31T10:37:22Z">
          <exception class="java.lang.AssertionError">
            <message>
              <![CDATA[Test FCC with DeptName <[Expected {}]:[Actual {Sales Floor=16}]>]]>
            </message>
            <full-stacktrace>
              <![CDATA[java.lang.AssertionError: Test FCC with DeptName <[Expected {}]:[Actual {Sales Floor=16}]>
	at org.testng.AssertJUnit.fail(AssertJUnit.java:59)
	at org.testng.AssertJUnit.assertTrue(AssertJUnit.java:24)
	at com.chkpoint.jaytest1.FCCInventoryTest.verifyResults(FCCInventoryTest.java:48)
	at com.chkpoint.jaytest1.FCCInventoryTest.Test0122FCC_DeptName(FCCInventoryTest.java:2808)
	at sun.reflect.NativeMethodAccessorImpl.invoke0(Native Method)
	at sun.reflect.NativeMethodAccessorImpl.invoke(Unknown Source)
	at sun.reflect.DelegatingMethodAccessorImpl.invoke(Unknown Source)
	at java.lang.reflect.Method.invoke(Unknown Source)
	at org.testng.internal.MethodInvocationHelper.invokeMethod(MethodInvocationHelper.java:85)
	at org.testng.internal.Invoker.invokeMethod(Invoker.java:639)
	at org.testng.internal.Invoker.invokeTestMethod(Invoker.java:821)
	at org.testng.internal.Invoker.invokeTestMethods(Invoker.java:1131)
	at org.testng.internal.TestMethodWorker.invokeTestMethods(TestMethodWorker.java:124)
	at org.testng.internal.TestMethodWorker.run(TestMethodWorker.java:108)
	at org.testng.TestRunner.privateRun(TestRunner.java:773)
	at org.testng.TestRunner.run(TestRunner.java:623)
	at org.testng.SuiteRunner.runTest(SuiteRunner.java:357)
	at org.testng.SuiteRunner.runSequentially(SuiteRunner.java:352)
	at org.testng.SuiteRunner.privateRun(SuiteRunner.java:310)
	at org.testng.SuiteRunner.run(SuiteRunner.java:259)
	at org.testng.SuiteRunnerWorker.runSuite(SuiteRunnerWorker.java:52)
	at org.testng.SuiteRunnerWorker.run(SuiteRunnerWorker.java:86)
	at org.testng.TestNG.runSuitesSequentially(TestNG.java:1185)
	at org.testng.TestNG.runSuitesLocally(TestNG.java:1110)
	at org.testng.TestNG.run(TestNG.java:1018)
	at org.testng.remote.AbstractRemoteTestNG.run(AbstractRemoteTestNG.java:114)
	at org.testng.remote.RemoteTestNG.initAndRun(RemoteTestNG.java:251)
	at org.testng.remote.RemoteTestNG.main(RemoteTestNG.java:77)
]]>
            </full-stacktrace>
          </exception> <!-- java.lang.AssertionError -->
          <reporter-output>
          </reporter-output>
        </test-method> <!-- Test0122FCC_DeptName -->
        <test-method status="PASS" signature="setupBefore()[pri:0, instance:com.chkpoint.jaytest1.FCCInventoryTest@56a6d5a6]" name="setupBefore" is-config="true" duration-ms="1" started-at="2018-10-31T10:37:39Z" finished-at="2018-10-31T10:37:39Z">
          <reporter-output>
          </reporter-output>
        </test-method> <!-- setupBefore -->
        <test-method status="PASS" signature="setupAfter()[pri:0, instance:com.chkpoint.jaytest1.FCCInventoryTest@56a6d5a6]" name="setupAfter" is-config="true" duration-ms="0" started-at="2018-10-31T10:37:39Z" finished-at="2018-10-31T10:37:39Z">
          <reporter-output>
          </reporter-output>
        </test-method> <!-- setupAfter -->
        <test-method status="FAIL" signature="Test0123FCC_DeptName()[pri:0, instance:com.chkpoint.jaytest1.FCCInventoryTest@56a6d5a6]" name="Test0123FCC_DeptName" duration-ms="9365" started-at="2018-10-31T10:37:39Z" finished-at="2018-10-31T10:37:48Z">
          <exception class="java.lang.AssertionError">
            <message>
              <![CDATA[Test FCC with DeptName <[Expected {}]:[Actual {Sales Floor=16}]>]]>
            </message>
            <full-stacktrace>
              <![CDATA[java.lang.AssertionError: Test FCC with DeptName <[Expected {}]:[Actual {Sales Floor=16}]>
	at org.testng.AssertJUnit.fail(AssertJUnit.java:59)
	at org.testng.AssertJUnit.assertTrue(AssertJUnit.java:24)
	at com.chkpoint.jaytest1.FCCInventoryTest.verifyResults(FCCInventoryTest.java:48)
	at com.chkpoint.jaytest1.FCCInventoryTest.Test0123FCC_DeptName(FCCInventoryTest.java:2830)
	at sun.reflect.NativeMethodAccessorImpl.invoke0(Native Method)
	at sun.reflect.NativeMethodAccessorImpl.invoke(Unknown Source)
	at sun.reflect.DelegatingMethodAccessorImpl.invoke(Unknown Source)
	at java.lang.reflect.Method.invoke(Unknown Source)
	at org.testng.internal.MethodInvocationHelper.invokeMethod(MethodInvocationHelper.java:85)
	at org.testng.internal.Invoker.invokeMethod(Invoker.java:639)
	at org.testng.internal.Invoker.invokeTestMethod(Invoker.java:821)
	at org.testng.internal.Invoker.invokeTestMethods(Invoker.java:1131)
	at org.testng.internal.TestMethodWorker.invokeTestMethods(TestMethodWorker.java:124)
	at org.testng.internal.TestMethodWorker.run(TestMethodWorker.java:108)
	at org.testng.TestRunner.privateRun(TestRunner.java:773)
	at org.testng.TestRunner.run(TestRunner.java:623)
	at org.testng.SuiteRunner.runTest(SuiteRunner.java:357)
	at org.testng.SuiteRunner.runSequentially(SuiteRunner.java:352)
	at org.testng.SuiteRunner.privateRun(SuiteRunner.java:310)
	at org.testng.SuiteRunner.run(SuiteRunner.java:259)
	at org.testng.SuiteRunnerWorker.runSuite(SuiteRunnerWorker.java:52)
	at org.testng.SuiteRunnerWorker.run(SuiteRunnerWorker.java:86)
	at org.testng.TestNG.runSuitesSequentially(TestNG.java:1185)
	at org.testng.TestNG.runSuitesLocally(TestNG.java:1110)
	at org.testng.TestNG.run(TestNG.java:1018)
	at org.testng.remote.AbstractRemoteTestNG.run(AbstractRemoteTestNG.java:114)
	at org.testng.remote.RemoteTestNG.initAndRun(RemoteTestNG.java:251)
	at org.testng.remote.RemoteTestNG.main(RemoteTestNG.java:77)
]]>
            </full-stacktrace>
          </exception> <!-- java.lang.AssertionError -->
          <reporter-output>
          </reporter-output>
        </test-method> <!-- Test0123FCC_DeptName -->
        <test-method status="PASS" signature="setupAfter()[pri:0, instance:com.chkpoint.jaytest1.FCCInventoryTest@56a6d5a6]" name="setupAfter" is-config="true" duration-ms="0" started-at="2018-10-31T10:38:05Z" finished-at="2018-10-31T10:38:05Z">
          <reporter-output>
          </reporter-output>
        </test-method> <!-- setupAfter -->
        <test-method status="PASS" signature="setupBefore()[pri:0, instance:com.chkpoint.jaytest1.FCCInventoryTest@56a6d5a6]" name="setupBefore" is-config="true" duration-ms="0" started-at="2018-10-31T10:38:05Z" finished-at="2018-10-31T10:38:05Z">
          <reporter-output>
          </reporter-output>
        </test-method> <!-- setupBefore -->
        <test-method status="FAIL" signature="Test0124FCC_DeptName()[pri:0, instance:com.chkpoint.jaytest1.FCCInventoryTest@56a6d5a6]" name="Test0124FCC_DeptName" duration-ms="9302" started-at="2018-10-31T10:38:05Z" finished-at="2018-10-31T10:38:14Z">
          <exception class="java.lang.AssertionError">
            <message>
              <![CDATA[Test FCC with DeptName <[Expected {}]:[Actual {Sales Floor=16}]>]]>
            </message>
            <full-stacktrace>
              <![CDATA[java.lang.AssertionError: Test FCC with DeptName <[Expected {}]:[Actual {Sales Floor=16}]>
	at org.testng.AssertJUnit.fail(AssertJUnit.java:59)
	at org.testng.AssertJUnit.assertTrue(AssertJUnit.java:24)
	at com.chkpoint.jaytest1.FCCInventoryTest.verifyResults(FCCInventoryTest.java:48)
	at com.chkpoint.jaytest1.FCCInventoryTest.Test0124FCC_DeptName(FCCInventoryTest.java:2851)
	at sun.reflect.NativeMethodAccessorImpl.invoke0(Native Method)
	at sun.reflect.NativeMethodAccessorImpl.invoke(Unknown Source)
	at sun.reflect.DelegatingMethodAccessorImpl.invoke(Unknown Source)
	at java.lang.reflect.Method.invoke(Unknown Source)
	at org.testng.internal.MethodInvocationHelper.invokeMethod(MethodInvocationHelper.java:85)
	at org.testng.internal.Invoker.invokeMethod(Invoker.java:639)
	at org.testng.internal.Invoker.invokeTestMethod(Invoker.java:821)
	at org.testng.internal.Invoker.invokeTestMethods(Invoker.java:1131)
	at org.testng.internal.TestMethodWorker.invokeTestMethods(TestMethodWorker.java:124)
	at org.testng.internal.TestMethodWorker.run(TestMethodWorker.java:108)
	at org.testng.TestRunner.privateRun(TestRunner.java:773)
	at org.testng.TestRunner.run(TestRunner.java:623)
	at org.testng.SuiteRunner.runTest(SuiteRunner.java:357)
	at org.testng.SuiteRunner.runSequentially(SuiteRunner.java:352)
	at org.testng.SuiteRunner.privateRun(SuiteRunner.java:310)
	at org.testng.SuiteRunner.run(SuiteRunner.java:259)
	at org.testng.SuiteRunnerWorker.runSuite(SuiteRunnerWorker.java:52)
	at org.testng.SuiteRunnerWorker.run(SuiteRunnerWorker.java:86)
	at org.testng.TestNG.runSuitesSequentially(TestNG.java:1185)
	at org.testng.TestNG.runSuitesLocally(TestNG.java:1110)
	at org.testng.TestNG.run(TestNG.java:1018)
	at org.testng.remote.AbstractRemoteTestNG.run(AbstractRemoteTestNG.java:114)
	at org.testng.remote.RemoteTestNG.initAndRun(RemoteTestNG.java:251)
	at org.testng.remote.RemoteTestNG.main(RemoteTestNG.java:77)
]]>
            </full-stacktrace>
          </exception> <!-- java.lang.AssertionError -->
          <reporter-output>
          </reporter-output>
        </test-method> <!-- Test0124FCC_DeptName -->
        <test-method status="PASS" signature="setupAfter()[pri:0, instance:com.chkpoint.jaytest1.FCCInventoryTest@56a6d5a6]" name="setupAfter" is-config="true" duration-ms="1" started-at="2018-10-31T10:38:31Z" finished-at="2018-10-31T10:38:31Z">
          <reporter-output>
          </reporter-output>
        </test-method> <!-- setupAfter -->
        <test-method status="FAIL" signature="Test0125FCC_MajorClassID()[pri:0, instance:com.chkpoint.jaytest1.FCCInventoryTest@56a6d5a6]" name="Test0125FCC_MajorClassID" duration-ms="9711" started-at="2018-10-31T10:38:31Z" finished-at="2018-10-31T10:38:40Z">
          <exception class="java.lang.AssertionError">
            <message>
[...]
	at java.lang.reflect.Method.invoke(Unknown Source)
	at org.testng.internal.MethodInvocationHelper.invokeMethod(MethodInvocationHelper.java:85)
	at org.testng.internal.Invoker.invokeMethod(Invoker.java:639)
	at org.testng.internal.Invoker.invokeTestMethod(Invoker.java:821)
	at org.testng.internal.Invoker.invokeTestMethods(Invoker.java:1131)
	at org.testng.internal.TestMethodWorker.invokeTestMethods(TestMethodWorker.java:124)
	at org.testng.internal.TestMethodWorker.run(TestMethodWorker.java:108)
	at org.testng.TestRunner.privateRun(TestRunner.java:773)
	at org.testng.TestRunner.run(TestRunner.java:623)
	at org.testng.SuiteRunner.runTest(SuiteRunner.java:357)
	at org.testng.SuiteRunner.runSequentially(SuiteRunner.java:352)
	at org.testng.SuiteRunner.privateRun(SuiteRunner.java:310)
	at org.testng.SuiteRunner.run(SuiteRunner.java:259)
	at org.testng.SuiteRunnerWorker.runSuite(SuiteRunnerWorker.java:52)
	at org.testng.SuiteRunnerWorker.run(SuiteRunnerWorker.java:86)
	at org.testng.TestNG.runSuitesSequentially(TestNG.java:1185)
	at org.testng.TestNG.runSuitesLocally(TestNG.java:1110)
	at org.testng.TestNG.run(TestNG.java:1018)
	at org.testng.remote.AbstractRemoteTestNG.run(AbstractRemoteTestNG.java:114)
	at org.testng.remote.RemoteTestNG.initAndRun(RemoteTestNG.java:251)
	at org.testng.remote.RemoteTestNG.main(RemoteTestNG.java:77)
]]>
            </full-stacktrace>
          </exception> <!-- java.lang.AssertionError -->
          <reporter-output>
          </reporter-output>
        </test-method> <!-- Test094FCC_Price -->
        <test-method status="FAIL" signature="Test095FCC_Price()[pri:0, instance:com.chkpoint.jaytest1.FCCInventoryTest@56a6d5a6]" name="Test095FCC_Price" duration-ms="12091" started-at="2018-10-31T11:37:39Z" finished-at="2018-10-31T11:37:51Z">
          <exception class="java.lang.AssertionError">
            <message>
              <![CDATA[Test FCC with Price <[Expected {}]:[Actual {Sales Floor=16}]>]]>
            </message>
            <full-stacktrace>
              <![CDATA[java.lang.AssertionError: Test FCC with Price <[Expected {}]:[Actual {Sales Floor=16}]>
	at org.testng.AssertJUnit.fail(AssertJUnit.java:59)
	at org.testng.AssertJUnit.assertTrue(AssertJUnit.java:24)
	at com.chkpoint.jaytest1.FCCInventoryTest.verifyResults(FCCInventoryTest.java:48)
	at com.chkpoint.jaytest1.FCCInventoryTest.Test095FCC_Price(FCCInventoryTest.java:2232)
	at sun.reflect.NativeMethodAccessorImpl.invoke0(Native Method)
	at sun.reflect.NativeMethodAccessorImpl.invoke(Unknown Source)
	at sun.reflect.DelegatingMethodAccessorImpl.invoke(Unknown Source)
	at java.lang.reflect.Method.invoke(Unknown Source)
	at org.testng.internal.MethodInvocationHelper.invokeMethod(MethodInvocationHelper.java:85)
	at org.testng.internal.Invoker.invokeMethod(Invoker.java:639)
	at org.testng.internal.Invoker.invokeTestMethod(Invoker.java:821)
	at org.testng.internal.Invoker.invokeTestMethods(Invoker.java:1131)
	at org.testng.internal.TestMethodWorker.invokeTestMethods(TestMethodWorker.java:124)
	at org.testng.internal.TestMethodWorker.run(TestMethodWorker.java:108)
	at org.testng.TestRunner.privateRun(TestRunner.java:773)
	at org.testng.TestRunner.run(TestRunner.java:623)
	at org.testng.SuiteRunner.runTest(SuiteRunner.java:357)
	at org.testng.SuiteRunner.runSequentially(SuiteRunner.java:352)
	at org.testng.SuiteRunner.privateRun(SuiteRunner.java:310)
	at org.testng.SuiteRunner.run(SuiteRunner.java:259)
	at org.testng.SuiteRunnerWorker.runSuite(SuiteRunnerWorker.java:52)
	at org.testng.SuiteRunnerWorker.run(SuiteRunnerWorker.java:86)
	at org.testng.TestNG.runSuitesSequentially(TestNG.java:1185)
	at org.testng.TestNG.runSuitesLocally(TestNG.java:1110)
	at org.testng.TestNG.run(TestNG.java:1018)
	at org.testng.remote.AbstractRemoteTestNG.run(AbstractRemoteTestNG.java:114)
	at org.testng.remote.RemoteTestNG.initAndRun(RemoteTestNG.java:251)
	at org.testng.remote.RemoteTestNG.main(RemoteTestNG.java:77)
]]>
            </full-stacktrace>
          </exception> <!-- java.lang.AssertionError -->
          <reporter-output>
          </reporter-output>
        </test-method> <!-- Test095FCC_Price -->
        <test-method status="PASS" signature="setupBefore()[pri:0, instance:com.chkpoint.jaytest1.FCCInventoryTest@56a6d5a6]" name="setupBefore" is-config="true" duration-ms="0" started-at="2018-10-31T11:37:39Z" finished-at="2018-10-31T11:37:39Z">
          <reporter-output>
          </reporter-output>
        </test-method> <!-- setupBefore -->
        <test-method status="PASS" signature="setupAfter()[pri:0, instance:com.chkpoint.jaytest1.FCCInventoryTest@56a6d5a6]" name="setupAfter" is-config="true" duration-ms="0" started-at="2018-10-31T11:37:39Z" finished-at="2018-10-31T11:37:39Z">
          <reporter-output>
          </reporter-output>
        </test-method> <!-- setupAfter -->
        <test-method status="PASS" signature="setupAfter()[pri:0, instance:com.chkpoint.jaytest1.FCCInventoryTest@56a6d5a6]" name="setupAfter" is-config="true" duration-ms="0" started-at="2018-10-31T11:38:10Z" finished-at="2018-10-31T11:38:10Z">
          <reporter-output>
          </reporter-output>
        </test-method> <!-- setupAfter -->
        <test-method status="FAIL" signature="Test096FCC_Price()[pri:0, instance:com.chkpoint.jaytest1.FCCInventoryTest@56a6d5a6]" name="Test096FCC_Price" duration-ms="10127" started-at="2018-10-31T11:38:10Z" finished-at="2018-10-31T11:38:20Z">
          <exception class="java.lang.AssertionError">
            <message>
              <![CDATA[Test FCC with Price <[Expected {}]:[Actual {Sales Floor=16}]>]]>
            </message>
            <full-stacktrace>
              <![CDATA[java.lang.AssertionError: Test FCC with Price <[Expected {}]:[Actual {Sales Floor=16}]>
	at org.testng.AssertJUnit.fail(AssertJUnit.java:59)
	at org.testng.AssertJUnit.assertTrue(AssertJUnit.java:24)
	at com.chkpoint.jaytest1.FCCInventoryTest.verifyResults(FCCInventoryTest.java:48)
	at com.chkpoint.jaytest1.FCCInventoryTest.Test096FCC_Price(FCCInventoryTest.java:2254)
	at sun.reflect.NativeMethodAccessorImpl.invoke0(Native Method)
	at sun.reflect.NativeMethodAccessorImpl.invoke(Unknown Source)
	at sun.reflect.DelegatingMethodAccessorImpl.invoke(Unknown Source)
	at java.lang.reflect.Method.invoke(Unknown Source)
	at org.testng.internal.MethodInvocationHelper.invokeMethod(MethodInvocationHelper.java:85)
	at org.testng.internal.Invoker.invokeMethod(Invoker.java:639)
	at org.testng.internal.Invoker.invokeTestMethod(Invoker.java:821)
	at org.testng.internal.Invoker.invokeTestMethods(Invoker.java:1131)
	at org.testng.internal.TestMethodWorker.invokeTestMethods(TestMethodWorker.java:124)
	at org.testng.internal.TestMethodWorker.run(TestMethodWorker.java:108)
	at org.testng.TestRunner.privateRun(TestRunner.java:773)
	at org.testng.TestRunner.run(TestRunner.java:623)
	at org.testng.SuiteRunner.runTest(SuiteRunner.java:357)
	at org.testng.SuiteRunner.runSequentially(SuiteRunner.java:352)
	at org.testng.SuiteRunner.privateRun(SuiteRunner.java:310)
	at org.testng.SuiteRunner.run(SuiteRunner.java:259)
	at org.testng.SuiteRunnerWorker.runSuite(SuiteRunnerWorker.java:52)
	at org.testng.SuiteRunnerWorker.run(SuiteRunnerWorker.java:86)
	at org.testng.TestNG.runSuitesSequentially(TestNG.java:1185)
	at org.testng.TestNG.runSuitesLocally(TestNG.java:1110)
	at org.testng.TestNG.run(TestNG.java:1018)
	at org.testng.remote.AbstractRemoteTestNG.run(AbstractRemoteTestNG.java:114)
	at org.testng.remote.RemoteTestNG.initAndRun(RemoteTestNG.java:251)
	at org.testng.remote.RemoteTestNG.main(RemoteTestNG.java:77)
]]>
            </full-stacktrace>
          </exception> <!-- java.lang.AssertionError -->
          <reporter-output>
          </reporter-output>
        </test-method> <!-- Test096FCC_Price -->
        <test-method status="PASS" signature="setupBefore()[pri:0, instance:com.chkpoint.jaytest1.FCCInventoryTest@56a6d5a6]" name="setupBefore" is-config="true" duration-ms="0" started-at="2018-10-31T11:38:10Z" finished-at="2018-10-31T11:38:10Z">
          <reporter-output>
          </reporter-output>
        </test-method> <!-- setupBefore -->
        <test-method status="PASS" signature="setupAfter()[pri:0, instance:com.chkpoint.jaytest1.FCCInventoryTest@56a6d5a6]" name="setupAfter" is-config="true" duration-ms="1" started-at="2018-10-31T11:38:39Z" finished-at="2018-10-31T11:38:39Z">
          <reporter-output>
          </reporter-output>
        </test-method> <!-- setupAfter -->
        <test-method status="PASS" signature="setupBefore()[pri:0, instance:com.chkpoint.jaytest1.FCCInventoryTest@56a6d5a6]" name="setupBefore" is-config="true" duration-ms="0" started-at="2018-10-31T11:38:39Z" finished-at="2018-10-31T11:38:39Z">
          <reporter-output>
          </reporter-output>
        </test-method> <!-- setupBefore -->
        <test-method status="FAIL" signature="Test097FCC_Price()[pri:0, instance:com.chkpoint.jaytest1.FCCInventoryTest@56a6d5a6]" name="Test097FCC_Price" duration-ms="9855" started-at="2018-10-31T11:38:39Z" finished-at="2018-10-31T11:38:49Z">
          <exception class="java.lang.AssertionError">
            <message>
              <![CDATA[Test FCC with Price <[Expected {}]:[Actual {Sales Floor=16}]>]]>
            </message>
            <full-stacktrace>
              <![CDATA[java.lang.AssertionError: Test FCC with Price <[Expected {}]:[Actual {Sales Floor=16}]>
	at org.testng.AssertJUnit.fail(AssertJUnit.java:59)
	at org.testng.AssertJUnit.assertTrue(AssertJUnit.java:24)
	at com.chkpoint.jaytest1.FCCInventoryTest.verifyResults(FCCInventoryTest.java:48)
	at com.chkpoint.jaytest1.FCCInventoryTest.Test097FCC_Price(FCCInventoryTest.java:2277)
	at sun.reflect.NativeMethodAccessorImpl.invoke0(Native Method)
	at sun.reflect.NativeMethodAccessorImpl.invoke(Unknown Source)
	at sun.reflect.DelegatingMethodAccessorImpl.invoke(Unknown Source)
	at java.lang.reflect.Method.invoke(Unknown Source)
	at org.testng.internal.MethodInvocationHelper.invokeMethod(MethodInvocationHelper.java:85)
	at org.testng.internal.Invoker.invokeMethod(Invoker.java:639)
	at org.testng.internal.Invoker.invokeTestMethod(Invoker.java:821)
	at org.testng.internal.Invoker.invokeTestMethods(Invoker.java:1131)
	at org.testng.internal.TestMethodWorker.invokeTestMethods(TestMethodWorker.java:124)
	at org.testng.internal.TestMethodWorker.run(TestMethodWorker.java:108)
	at org.testng.TestRunner.privateRun(TestRunner.java:773)
	at org.testng.TestRunner.run(TestRunner.java:623)
	at org.testng.SuiteRunner.runTest(SuiteRunner.java:357)
	at org.testng.SuiteRunner.runSequentially(SuiteRunner.java:352)
	at org.testng.SuiteRunner.privateRun(SuiteRunner.java:310)
	at org.testng.SuiteRunner.run(SuiteRunner.java:259)
	at org.testng.SuiteRunnerWorker.runSuite(SuiteRunnerWorker.java:52)
	at org.testng.SuiteRunnerWorker.run(SuiteRunnerWorker.java:86)
	at org.testng.TestNG.runSuitesSequentially(TestNG.java:1185)
	at org.testng.TestNG.runSuitesLocally(TestNG.java:1110)
	at org.testng.TestNG.run(TestNG.java:1018)
	at org.testng.remote.AbstractRemoteTestNG.run(AbstractRemoteTestNG.java:114)
	at org.testng.remote.RemoteTestNG.initAndRun(RemoteTestNG.java:251)
	at org.testng.remote.RemoteTestNG.main(RemoteTestNG.java:77)
]]>
            </full-stacktrace>
          </exception> <!-- java.lang.AssertionError -->
          <reporter-output>
          </reporter-output>
        </test-method> <!-- Test097FCC_Price -->
        <test-method status="PASS" signature="setupBefore()[pri:0, instance:com.chkpoint.jaytest1.FCCInventoryTest@56a6d5a6]" name="setupBefore" is-config="true" duration-ms="0" started-at="2018-10-31T11:39:08Z" finished-at="2018-10-31T11:39:08Z">
          <reporter-output>
          </reporter-output>
        </test-method> <!-- setupBefore -->
        <test-method status="FAIL" signature="Test098FCC_Price()[pri:0, instance:com.chkpoint.jaytest1.FCCInventoryTest@56a6d5a6]" name="Test098FCC_Price" duration-ms="10206" started-at="2018-10-31T11:39:08Z" finished-at="2018-10-31T11:39:18Z">
          <exception class="java.lang.AssertionError">
            <message>
              <![CDATA[Test FCC with Price <[Expected {}]:[Actual {Sales Floor=16}]>]]>
            </message>
            <full-stacktrace>
              <![CDATA[java.lang.AssertionError: Test FCC with Price <[Expected {}]:[Actual {Sales Floor=16}]>
	at org.testng.AssertJUnit.fail(AssertJUnit.java:59)
	at org.testng.AssertJUnit.assertTrue(AssertJUnit.java:24)
	at com.chkpoint.jaytest1.FCCInventoryTest.verifyResults(FCCInventoryTest.java:48)
	at com.chkpoint.jaytest1.FCCInventoryTest.Test098FCC_Price(FCCInventoryTest.java:2300)
	at sun.reflect.NativeMethodAccessorImpl.invoke0(Native Method)
	at sun.reflect.NativeMethodAccessorImpl.invoke(Unknown Source)
	at sun.reflect.DelegatingMethodAccessorImpl.invoke(Unknown Source)
	at java.lang.reflect.Method.invoke(Unknown Source)
	at org.testng.internal.MethodInvocationHelper.invokeMethod(MethodInvocationHelper.java:85)
	at org.testng.internal.Invoker.invokeMethod(Invoker.java:639)
	at org.testng.internal.Invoker.invokeTestMethod(Invoker.java:821)
	at org.testng.internal.Invoker.invokeTestMethods(Invoker.java:1131)
	at org.testng.internal.TestMethodWorker.invokeTestMethods(TestMethodWorker.java:124)
	at org.testng.internal.TestMethodWorker.run(TestMethodWorker.java:108)
	at org.testng.TestRunner.privateRun(TestRunner.java:773)
	at org.testng.TestRunner.run(TestRunner.java:623)
	at org.testng.SuiteRunner.runTest(SuiteRunner.java:357)
	at org.testng.SuiteRunner.runSequentially(SuiteRunner.java:352)
	at org.testng.SuiteRunner.privateRun(SuiteRunner.java:310)
	at org.testng.SuiteRunner.run(SuiteRunner.java:259)
	at org.testng.SuiteRunnerWorker.runSuite(SuiteRunnerWorker.java:52)
	at org.testng.SuiteRunnerWorker.run(SuiteRunnerWorker.java:86)
	at org.testng.TestNG.runSuitesSequentially(TestNG.java:1185)
	at org.testng.TestNG.runSuitesLocally(TestNG.java:1110)
	at org.testng.TestNG.run(TestNG.java:1018)
	at org.testng.remote.AbstractRemoteTestNG.run(AbstractRemoteTestNG.java:114)
	at org.testng.remote.RemoteTestNG.initAndRun(RemoteTestNG.java:251)
	at org.testng.remote.RemoteTestNG.main(RemoteTestNG.java:77)
]]>
            </full-stacktrace>
          </exception> <!-- java.lang.AssertionError -->
          <reporter-output>
          </reporter-output>
        </test-method> <!-- Test098FCC_Price -->
        <test-method status="PASS" signature="setupAfter()[pri:0, instance:com.chkpoint.jaytest1.FCCInventoryTest@56a6d5a6]" name="setupAfter" is-config="true" duration-ms="0" started-at="2018-10-31T11:39:08Z" finished-at="2018-10-31T11:39:08Z">
          <reporter-output>
          </reporter-output>
        </test-method> <!-- setupAfter -->
        <test-method status="PASS" signature="setupAfter()[pri:0, instance:com.chkpoint.jaytest1.FCCInventoryTest@56a6d5a6]" name="setupAfter" is-config="true" duration-ms="0" started-at="2018-10-31T11:39:38Z" finished-at="2018-10-31T11:39:38Z">
          <reporter-output>
          </reporter-output>
        </test-method> <!-- setupAfter -->
        <test-method status="FAIL" signature="Test099FCC_Price()[pri:0, instance:com.chkpoint.jaytest1.FCCInventoryTest@56a6d5a6]" name="Test099FCC_Price" duration-ms="10640" started-at="2018-10-31T11:39:38Z" finished-at="2018-10-31T11:39:49Z">
          <exception class="java.lang.AssertionError">
            <message>
              <![CDATA[Test FCC with Price <[Expected {}]:[Actual {Sales Floor=16}]>]]>
            </message>
            <full-stacktrace>
              <![CDATA[java.lang.AssertionError: Test FCC with Price <[Expected {}]:[Actual {Sales Floor=16}]>
	at org.testng.AssertJUnit.fail(AssertJUnit.java:59)
	at org.testng.AssertJUnit.assertTrue(AssertJUnit.java:24)
	at com.chkpoint.jaytest1.FCCInventoryTest.verifyResults(FCCInventoryTest.java:48)
	at com.chkpoint.jaytest1.FCCInventoryTest.Test099FCC_Price(FCCInventoryTest.java:2323)
	at sun.reflect.NativeMethodAccessorImpl.invoke0(Native Method)
	at sun.reflect.NativeMethodAccessorImpl.invoke(Unknown Source)
	at sun.reflect.DelegatingMethodAccessorImpl.invoke(Unknown Source)
	at java.lang.reflect.Method.invoke(Unknown Source)
	at org.testng.internal.MethodInvocationHelper.invokeMethod(MethodInvocationHelper.java:85)
	at org.testng.internal.Invoker.invokeMethod(Invoker.java:639)
	at org.testng.internal.Invoker.invokeTestMethod(Invoker.java:821)
	at org.testng.internal.Invoker.invokeTestMethods(Invoker.java:1131)
	at org.testng.internal.TestMethodWorker.invokeTestMethods(TestMethodWorker.java:124)
	at org.testng.internal.TestMethodWorker.run(TestMethodWorker.java:108)
	at org.testng.TestRunner.privateRun(TestRunner.java:773)
	at org.testng.TestRunner.run(TestRunner.java:623)
	at org.testng.SuiteRunner.runTest(SuiteRunner.java:357)
	at org.testng.SuiteRunner.runSequentially(SuiteRunner.java:352)
	at org.testng.SuiteRunner.privateRun(SuiteRunner.java:310)
	at org.testng.SuiteRunner.run(SuiteRunner.java:259)
	at org.testng.SuiteRunnerWorker.runSuite(SuiteRunnerWorker.java:52)
	at org.testng.SuiteRunnerWorker.run(SuiteRunnerWorker.java:86)
	at org.testng.TestNG.runSuitesSequentially(TestNG.java:1185)
	at org.testng.TestNG.runSuitesLocally(TestNG.java:1110)
	at org.testng.TestNG.run(TestNG.java:1018)
	at org.testng.remote.AbstractRemoteTestNG.run(AbstractRemoteTestNG.java:114)
	at org.testng.remote.RemoteTestNG.initAndRun(RemoteTestNG.java:251)
	at org.testng.remote.RemoteTestNG.main(RemoteTestNG.java:77)
]]>
            </full-stacktrace>
          </exception> <!-- java.lang.AssertionError -->
          <reporter-output>
          </reporter-output>
        </test-method> <!-- Test099FCC_Price -->
        <test-method status="PASS" signature="setupBefore()[pri:0, instance:com.chkpoint.jaytest1.FCCInventoryTest@56a6d5a6]" name="setupBefore" is-config="true" duration-ms="0" started-at="2018-10-31T11:39:38Z" finished-at="2018-10-31T11:39:38Z">
          <reporter-output>
          </reporter-output>
        </test-method> <!-- setupBefore -->
        <test-method status="PASS" signature="setupAfter()[pri:0, instance:com.chkpoint.jaytest1.FCCInventoryTest@56a6d5a6]" name="setupAfter" is-config="true" duration-ms="0" started-at="2018-10-31T11:40:09Z" finished-at="2018-10-31T11:40:09Z">
          <reporter-output>
          </reporter-output>
        </test-method> <!-- setupAfter -->
        <test-method status="PASS" signature="Test09FCC_Department()[pri:0, instance:com.chkpoint.jaytest1.FCCInventoryTest@56a6d5a6]" name="Test09FCC_Department" duration-ms="10260" started-at="2018-10-31T11:40:09Z" finished-at="2018-10-31T11:40:20Z">
          <reporter-output>
          </reporter-output>
        </test-method> <!-- Test09FCC_Department -->
        <test-method status="PASS" signature="setupBefore()[pri:0, instance:com.chkpoint.jaytest1.FCCInventoryTest@56a6d5a6]" name="setupBefore" is-config="true" duration-ms="0" started-at="2018-10-31T11:40:09Z" finished-at="2018-10-31T11:40:09Z">
          <reporter-output>
          </reporter-output>
        </test-method> <!-- setupBefore -->
        <test-method status="PASS" signature="tearDownAfter()[pri:0, instance:com.chkpoint.jaytest1.FCCInventoryTest@56a6d5a6]" name="tearDownAfter" is-config="true" duration-ms="0" started-at="2018-10-31T11:40:20Z" finished-at="2018-10-31T11:40:20Z">
          <reporter-output>
          </reporter-output>
        </test-method> <!-- tearDownAfter -->
        <test-method status="PASS" signature="setupAfter()[pri:0, instance:com.chkpoint.jaytest1.FCCInventoryTest@56a6d5a6]" name="setupAfter" is-config="true" duration-ms="0" started-at="2018-10-31T11:40:20Z" finished-at="2018-10-31T11:40:20Z">
          <reporter-output>
          </reporter-output>
        </test-method> <!-- setupAfter -->
      </class> <!-- com.chkpoint.jaytest1.FCCInventoryTest -->
    </test> <!-- Report Test -->
  </suite> <!-- Report Suite -->
</testng-results>
